ARM GAS  C:\Users\denes\AppData\Local\Temp\ccthV2TI.s 			page 1


   1              		.cpu cortex-m3
   2              		.arch armv7-m
   3              		.fpu softvfp
   4              		.eabi_attribute 20, 1
   5              		.eabi_attribute 21, 1
   6              		.eabi_attribute 23, 3
   7              		.eabi_attribute 24, 1
   8              		.eabi_attribute 25, 1
   9              		.eabi_attribute 26, 1
  10              		.eabi_attribute 30, 2
  11              		.eabi_attribute 34, 1
  12              		.eabi_attribute 18, 4
  13              		.file	"board.c"
  14              		.file 1 "C:/msys64/mingw64/arm-none-eabi/include/machine/_default_types.h"
  15              		.file 2 "C:/msys64/mingw64/arm-none-eabi/include/sys/_stdint.h"
  16              		.file 3 "./ChibiOS/os/hal/ports/STM32/LLD/GPIOv1/hal_pal_lld.h"
  17              		.file 4 "./ChibiOS/os/hal/boards/STM32F103C8_MINIMAL/board.c"
  18              		.file 5 "./ChibiOS/os/hal/ports/STM32/STM32F1xx/hal_lld.h"
  19              		.section	.gnu.debuglto_.debug_info,"e",%progbits
  20              	.Ldebug_info0:
  21              		.hidden	board.c.aa89af55
  22              		.weak	board.c.aa89af55
  23              	board.c.aa89af55:
  24 0000 3C010000 		.4byte	0x13c
  25 0004 0500     		.2byte	0x5
  26 0006 01       		.byte	0x1
  27 0007 04       		.byte	0x4
  28 0008 00000000 		.4byte	.Ldebug_abbrev0
  29 000c 07       		.uleb128 0x7
  30 000d 07000000 		.4byte	.LASF23
  31 0011 1D       		.byte	0x1d
  32 0012 02020000 		.4byte	.LASF24
  33 0016 5F010000 		.4byte	.LASF25
  34 001a 00000000 		.4byte	.Ldebug_line0
  35 001e 08       		.uleb128 0x8
  36 001f 04       		.byte	0x4
  37 0020 05       		.byte	0x5
  38 0021 696E7400 		.ascii	"int\000"
  39 0025 01       		.uleb128 0x1
  40 0026 04       		.byte	0x4
  41 0027 07       		.byte	0x7
  42 0028 D4000000 		.4byte	.LASF0
  43 002c 01       		.uleb128 0x1
  44 002d 08       		.byte	0x8
  45 002e 05       		.byte	0x5
  46 002f D3010000 		.4byte	.LASF1
  47 0033 01       		.uleb128 0x1
  48 0034 08       		.byte	0x8
  49 0035 04       		.byte	0x4
  50 0036 36020000 		.4byte	.LASF2
  51 003a 01       		.uleb128 0x1
  52 003b 01       		.byte	0x1
  53 003c 06       		.byte	0x6
  54 003d 42020000 		.4byte	.LASF3
  55 0041 01       		.uleb128 0x1
  56 0042 01       		.byte	0x1
  57 0043 08       		.byte	0x8
ARM GAS  C:\Users\denes\AppData\Local\Temp\ccthV2TI.s 			page 2


  58 0044 FF000000 		.4byte	.LASF4
  59 0048 01       		.uleb128 0x1
  60 0049 02       		.byte	0x2
  61 004a 05       		.byte	0x5
  62 004b E1010000 		.4byte	.LASF5
  63 004f 01       		.uleb128 0x1
  64 0050 02       		.byte	0x2
  65 0051 07       		.byte	0x7
  66 0052 43010000 		.4byte	.LASF6
  67 0056 01       		.uleb128 0x1
  68 0057 04       		.byte	0x4
  69 0058 05       		.byte	0x5
  70 0059 F9010000 		.4byte	.LASF7
  71 005d 03       		.uleb128 0x3
  72 005e A5010000 		.4byte	.LASF10
  73 0062 01       		.byte	0x1
  74 0063 4F       		.byte	0x4f
  75 0064 19       		.byte	0x19
  76 0065 69000000 		.4byte	0x69
  77 0069 01       		.uleb128 0x1
  78 006a 04       		.byte	0x4
  79 006b 07       		.byte	0x7
  80 006c 31010000 		.4byte	.LASF8
  81 0070 01       		.uleb128 0x1
  82 0071 08       		.byte	0x8
  83 0072 07       		.byte	0x7
  84 0073 E1000000 		.4byte	.LASF9
  85 0077 03       		.uleb128 0x3
  86 0078 56010000 		.4byte	.LASF11
  87 007c 02       		.byte	0x2
  88 007d 30       		.byte	0x30
  89 007e 14       		.byte	0x14
  90 007f 5D000000 		.4byte	0x5d
  91 0083 01       		.uleb128 0x1
  92 0084 01       		.byte	0x1
  93 0085 08       		.byte	0x8
  94 0086 B7010000 		.4byte	.LASF12
  95 008a 01       		.uleb128 0x1
  96 008b 01       		.byte	0x1
  97 008c 02       		.byte	0x2
  98 008d 4E020000 		.4byte	.LASF13
  99 0091 05       		.uleb128 0x5
 100 0092 0C       		.byte	0xc
 101 0093 68       		.byte	0x68
 102 0094 BA000000 		.4byte	0xba
 103 0098 04       		.uleb128 0x4
 104 0099 6F647200 		.ascii	"odr\000"
 105 009d 6A       		.byte	0x6a
 106 009e 77000000 		.4byte	0x77
 107 00a2 00       		.byte	0
 108 00a3 04       		.uleb128 0x4
 109 00a4 63726C00 		.ascii	"crl\000"
 110 00a8 6C       		.byte	0x6c
 111 00a9 77000000 		.4byte	0x77
 112 00ad 04       		.byte	0x4
 113 00ae 04       		.uleb128 0x4
 114 00af 63726800 		.ascii	"crh\000"
ARM GAS  C:\Users\denes\AppData\Local\Temp\ccthV2TI.s 			page 3


 115 00b3 6E       		.byte	0x6e
 116 00b4 77000000 		.4byte	0x77
 117 00b8 08       		.byte	0x8
 118 00b9 00       		.byte	0
 119 00ba 03       		.uleb128 0x3
 120 00bb 0D010000 		.4byte	.LASF14
 121 00bf 03       		.byte	0x3
 122 00c0 6F       		.byte	0x6f
 123 00c1 03       		.byte	0x3
 124 00c2 91000000 		.4byte	0x91
 125 00c6 05       		.uleb128 0x5
 126 00c7 3C       		.byte	0x3c
 127 00c8 78       		.byte	0x78
 128 00c9 05010000 		.4byte	0x105
 129 00cd 02       		.uleb128 0x2
 130 00ce F2010000 		.4byte	.LASF15
 131 00d2 7A       		.byte	0x7a
 132 00d3 BA000000 		.4byte	0xba
 133 00d7 00       		.byte	0
 134 00d8 02       		.uleb128 0x2
 135 00d9 B0010000 		.4byte	.LASF16
 136 00dd 7C       		.byte	0x7c
 137 00de BA000000 		.4byte	0xba
 138 00e2 0C       		.byte	0xc
 139 00e3 02       		.uleb128 0x2
 140 00e4 EB010000 		.4byte	.LASF17
 141 00e8 7E       		.byte	0x7e
 142 00e9 BA000000 		.4byte	0xba
 143 00ed 18       		.byte	0x18
 144 00ee 02       		.uleb128 0x2
 145 00ef 00000000 		.4byte	.LASF18
 146 00f3 80       		.byte	0x80
 147 00f4 BA000000 		.4byte	0xba
 148 00f8 24       		.byte	0x24
 149 00f9 02       		.uleb128 0x2
 150 00fa F8000000 		.4byte	.LASF19
 151 00fe 83       		.byte	0x83
 152 00ff BA000000 		.4byte	0xba
 153 0103 30       		.byte	0x30
 154 0104 00       		.byte	0
 155 0105 03       		.uleb128 0x3
 156 0106 88010000 		.4byte	.LASF20
 157 010a 03       		.byte	0x3
 158 010b 8D       		.byte	0x8d
 159 010c 03       		.byte	0x3
 160 010d C6000000 		.4byte	0xc6
 161 0111 09       		.uleb128 0x9
 162 0112 05010000 		.4byte	0x105
 163 0116 0A       		.uleb128 0xa
 164 0117 92010000 		.4byte	.LASF26
 165 011b 03       		.byte	0x3
 166 011c B001     		.2byte	0x1b0
 167 011e 18       		.byte	0x18
 168 011f 11010000 		.4byte	0x111
 169 0123 0B       		.uleb128 0xb
 170 0124 16010000 		.4byte	0x116
 171 0128 04       		.byte	0x4
ARM GAS  C:\Users\denes\AppData\Local\Temp\ccthV2TI.s 			page 4


 172 0129 19       		.byte	0x19
 173 012a 11       		.byte	0x11
 174 012b 0C       		.uleb128 0xc
 175 012c 20010000 		.4byte	.LASF27
 176 0130 05       		.byte	0x5
 177 0131 DB       		.byte	0xdb
 178 0132 08       		.byte	0x8
 179 0133 06       		.uleb128 0x6
 180 0134 BC010000 		.4byte	.LASF21
 181 0138 30       		.byte	0x30
 182 0139 06       		.uleb128 0x6
 183 013a C6010000 		.4byte	.LASF22
 184 013e 28       		.byte	0x28
 185 013f 00       		.byte	0
 186              		.section	.gnu.debuglto_.debug_abbrev,"e",%progbits
 187              	.Ldebug_abbrev0:
 188 0000 01       		.uleb128 0x1
 189 0001 24       		.uleb128 0x24
 190 0002 00       		.byte	0
 191 0003 0B       		.uleb128 0xb
 192 0004 0B       		.uleb128 0xb
 193 0005 3E       		.uleb128 0x3e
 194 0006 0B       		.uleb128 0xb
 195 0007 03       		.uleb128 0x3
 196 0008 0E       		.uleb128 0xe
 197 0009 00       		.byte	0
 198 000a 00       		.byte	0
 199 000b 02       		.uleb128 0x2
 200 000c 0D       		.uleb128 0xd
 201 000d 00       		.byte	0
 202 000e 03       		.uleb128 0x3
 203 000f 0E       		.uleb128 0xe
 204 0010 3A       		.uleb128 0x3a
 205 0011 21       		.uleb128 0x21
 206 0012 03       		.sleb128 3
 207 0013 3B       		.uleb128 0x3b
 208 0014 0B       		.uleb128 0xb
 209 0015 39       		.uleb128 0x39
 210 0016 21       		.uleb128 0x21
 211 0017 19       		.sleb128 25
 212 0018 49       		.uleb128 0x49
 213 0019 13       		.uleb128 0x13
 214 001a 38       		.uleb128 0x38
 215 001b 0B       		.uleb128 0xb
 216 001c 00       		.byte	0
 217 001d 00       		.byte	0
 218 001e 03       		.uleb128 0x3
 219 001f 16       		.uleb128 0x16
 220 0020 00       		.byte	0
 221 0021 03       		.uleb128 0x3
 222 0022 0E       		.uleb128 0xe
 223 0023 3A       		.uleb128 0x3a
 224 0024 0B       		.uleb128 0xb
 225 0025 3B       		.uleb128 0x3b
 226 0026 0B       		.uleb128 0xb
 227 0027 39       		.uleb128 0x39
 228 0028 0B       		.uleb128 0xb
ARM GAS  C:\Users\denes\AppData\Local\Temp\ccthV2TI.s 			page 5


 229 0029 49       		.uleb128 0x49
 230 002a 13       		.uleb128 0x13
 231 002b 00       		.byte	0
 232 002c 00       		.byte	0
 233 002d 04       		.uleb128 0x4
 234 002e 0D       		.uleb128 0xd
 235 002f 00       		.byte	0
 236 0030 03       		.uleb128 0x3
 237 0031 08       		.uleb128 0x8
 238 0032 3A       		.uleb128 0x3a
 239 0033 21       		.uleb128 0x21
 240 0034 03       		.sleb128 3
 241 0035 3B       		.uleb128 0x3b
 242 0036 0B       		.uleb128 0xb
 243 0037 39       		.uleb128 0x39
 244 0038 21       		.uleb128 0x21
 245 0039 11       		.sleb128 17
 246 003a 49       		.uleb128 0x49
 247 003b 13       		.uleb128 0x13
 248 003c 38       		.uleb128 0x38
 249 003d 0B       		.uleb128 0xb
 250 003e 00       		.byte	0
 251 003f 00       		.byte	0
 252 0040 05       		.uleb128 0x5
 253 0041 13       		.uleb128 0x13
 254 0042 01       		.byte	0x1
 255 0043 0B       		.uleb128 0xb
 256 0044 0B       		.uleb128 0xb
 257 0045 3A       		.uleb128 0x3a
 258 0046 21       		.uleb128 0x21
 259 0047 03       		.sleb128 3
 260 0048 3B       		.uleb128 0x3b
 261 0049 0B       		.uleb128 0xb
 262 004a 39       		.uleb128 0x39
 263 004b 21       		.uleb128 0x21
 264 004c 09       		.sleb128 9
 265 004d 01       		.uleb128 0x1
 266 004e 13       		.uleb128 0x13
 267 004f 00       		.byte	0
 268 0050 00       		.byte	0
 269 0051 06       		.uleb128 0x6
 270 0052 2E       		.uleb128 0x2e
 271 0053 00       		.byte	0
 272 0054 3F       		.uleb128 0x3f
 273 0055 19       		.uleb128 0x19
 274 0056 03       		.uleb128 0x3
 275 0057 0E       		.uleb128 0xe
 276 0058 3A       		.uleb128 0x3a
 277 0059 21       		.uleb128 0x21
 278 005a 04       		.sleb128 4
 279 005b 3B       		.uleb128 0x3b
 280 005c 0B       		.uleb128 0xb
 281 005d 39       		.uleb128 0x39
 282 005e 21       		.uleb128 0x21
 283 005f 06       		.sleb128 6
 284 0060 27       		.uleb128 0x27
 285 0061 19       		.uleb128 0x19
ARM GAS  C:\Users\denes\AppData\Local\Temp\ccthV2TI.s 			page 6


 286 0062 00       		.byte	0
 287 0063 00       		.byte	0
 288 0064 07       		.uleb128 0x7
 289 0065 11       		.uleb128 0x11
 290 0066 01       		.byte	0x1
 291 0067 25       		.uleb128 0x25
 292 0068 0E       		.uleb128 0xe
 293 0069 13       		.uleb128 0x13
 294 006a 0B       		.uleb128 0xb
 295 006b 03       		.uleb128 0x3
 296 006c 0E       		.uleb128 0xe
 297 006d 1B       		.uleb128 0x1b
 298 006e 0E       		.uleb128 0xe
 299 006f 10       		.uleb128 0x10
 300 0070 17       		.uleb128 0x17
 301 0071 00       		.byte	0
 302 0072 00       		.byte	0
 303 0073 08       		.uleb128 0x8
 304 0074 24       		.uleb128 0x24
 305 0075 00       		.byte	0
 306 0076 0B       		.uleb128 0xb
 307 0077 0B       		.uleb128 0xb
 308 0078 3E       		.uleb128 0x3e
 309 0079 0B       		.uleb128 0xb
 310 007a 03       		.uleb128 0x3
 311 007b 08       		.uleb128 0x8
 312 007c 00       		.byte	0
 313 007d 00       		.byte	0
 314 007e 09       		.uleb128 0x9
 315 007f 26       		.uleb128 0x26
 316 0080 00       		.byte	0
 317 0081 49       		.uleb128 0x49
 318 0082 13       		.uleb128 0x13
 319 0083 00       		.byte	0
 320 0084 00       		.byte	0
 321 0085 0A       		.uleb128 0xa
 322 0086 34       		.uleb128 0x34
 323 0087 00       		.byte	0
 324 0088 03       		.uleb128 0x3
 325 0089 0E       		.uleb128 0xe
 326 008a 3A       		.uleb128 0x3a
 327 008b 0B       		.uleb128 0xb
 328 008c 3B       		.uleb128 0x3b
 329 008d 05       		.uleb128 0x5
 330 008e 39       		.uleb128 0x39
 331 008f 0B       		.uleb128 0xb
 332 0090 49       		.uleb128 0x49
 333 0091 13       		.uleb128 0x13
 334 0092 3F       		.uleb128 0x3f
 335 0093 19       		.uleb128 0x19
 336 0094 3C       		.uleb128 0x3c
 337 0095 19       		.uleb128 0x19
 338 0096 00       		.byte	0
 339 0097 00       		.byte	0
 340 0098 0B       		.uleb128 0xb
 341 0099 34       		.uleb128 0x34
 342 009a 00       		.byte	0
ARM GAS  C:\Users\denes\AppData\Local\Temp\ccthV2TI.s 			page 7


 343 009b 47       		.uleb128 0x47
 344 009c 13       		.uleb128 0x13
 345 009d 3A       		.uleb128 0x3a
 346 009e 0B       		.uleb128 0xb
 347 009f 3B       		.uleb128 0x3b
 348 00a0 0B       		.uleb128 0xb
 349 00a1 39       		.uleb128 0x39
 350 00a2 0B       		.uleb128 0xb
 351 00a3 00       		.byte	0
 352 00a4 00       		.byte	0
 353 00a5 0C       		.uleb128 0xc
 354 00a6 2E       		.uleb128 0x2e
 355 00a7 00       		.byte	0
 356 00a8 3F       		.uleb128 0x3f
 357 00a9 19       		.uleb128 0x19
 358 00aa 03       		.uleb128 0x3
 359 00ab 0E       		.uleb128 0xe
 360 00ac 3A       		.uleb128 0x3a
 361 00ad 0B       		.uleb128 0xb
 362 00ae 3B       		.uleb128 0x3b
 363 00af 0B       		.uleb128 0xb
 364 00b0 39       		.uleb128 0x39
 365 00b1 0B       		.uleb128 0xb
 366 00b2 27       		.uleb128 0x27
 367 00b3 19       		.uleb128 0x19
 368 00b4 3C       		.uleb128 0x3c
 369 00b5 19       		.uleb128 0x19
 370 00b6 00       		.byte	0
 371 00b7 00       		.byte	0
 372 00b8 00       		.byte	0
 373              		.section	.gnu.debuglto_.debug_line,"e",%progbits
 374              	.Ldebug_line0:
 375 0000 5A000000 		.4byte	.LELT0-.LSLT0
 376              	.LSLT0:
 377 0004 0500     		.2byte	0x5
 378 0006 04       		.byte	0x4
 379 0007 00       		.byte	0
 380 0008 52000000 		.4byte	.LELTP0-.LASLTP0
 381              	.LASLTP0:
 382 000c 01       		.byte	0x1
 383 000d 01       		.byte	0x1
 384 000e 01       		.byte	0x1
 385 000f F6       		.byte	0xf6
 386 0010 F2       		.byte	0xf2
 387 0011 0D       		.byte	0xd
 388 0012 00       		.byte	0
 389 0013 01       		.byte	0x1
 390 0014 01       		.byte	0x1
 391 0015 01       		.byte	0x1
 392 0016 01       		.byte	0x1
 393 0017 00       		.byte	0
 394 0018 00       		.byte	0
 395 0019 00       		.byte	0
 396 001a 01       		.byte	0x1
 397 001b 00       		.byte	0
 398 001c 00       		.byte	0
 399 001d 01       		.byte	0x1
ARM GAS  C:\Users\denes\AppData\Local\Temp\ccthV2TI.s 			page 8


 400 001e 01       		.byte	0x1
 401 001f 01       		.uleb128 0x1
 402 0020 1F       		.uleb128 0x1f
 403 0021 06       		.uleb128 0x6
 404 0022 C0000000 		.4byte	.LASF28
 405 0026 39010000 		.4byte	.LASF29
 406 002a 39000000 		.4byte	.LASF30
 407 002e E9000000 		.4byte	.LASF31
 408 0032 13010000 		.4byte	.LASF32
 409 0036 14000000 		.4byte	.LASF33
 410 003a 02       		.byte	0x2
 411 003b 01       		.uleb128 0x1
 412 003c 1F       		.uleb128 0x1f
 413 003d 02       		.uleb128 0x2
 414 003e 0B       		.uleb128 0xb
 415 003f 06       		.uleb128 0x6
 416 0040 65000000 		.4byte	.LASF34
 417 0044 00       		.byte	0
 418 0045 A1000000 		.4byte	.LASF35
 419 0049 01       		.byte	0x1
 420 004a 00000000 		.4byte	.LASF36
 421 004e 02       		.byte	0x2
 422 004f B2000000 		.4byte	.LASF37
 423 0053 04       		.byte	0x4
 424 0054 99000000 		.4byte	.LASF38
 425 0058 03       		.byte	0x3
 426 0059 0A000000 		.4byte	.LASF39
 427 005d 05       		.byte	0x5
 428              	.LELTP0:
 429              	.LELT0:
 430              		.section	.gnu.debuglto_.debug_str,"eMS",%progbits,1
 431              	.LASF18:
 432 0000 50444461 		.ascii	"PDData\000"
 432      746100
 433              	.LASF23:
 434 0007 474E5520 		.ascii	"GNU C17 13.3.0 -mcpu=cortex-m3 -mthumb -mfloat-abi="
 434      43313720 
 434      31332E33 
 434      2E30202D 
 434      6D637075 
 435 003a 736F6674 		.ascii	"soft -march=armv7-m -ggdb -O2 -fomit-frame-pointer "
 435      202D6D61 
 435      7263683D 
 435      61726D76 
 435      372D6D20 
 436 006d 2D66616C 		.ascii	"-falign-functions=16 -fsingle-precision-constant -f"
 436      69676E2D 
 436      66756E63 
 436      74696F6E 
 436      733D3136 
 437 00a0 66756E63 		.ascii	"function-sections -fdata-sections -fno-common -flto"
 437      74696F6E 
 437      2D736563 
 437      74696F6E 
 437      73202D66 
 438 00d3 00       		.ascii	"\000"
 439              	.LASF0:
ARM GAS  C:\Users\denes\AppData\Local\Temp\ccthV2TI.s 			page 9


 440 00d4 756E7369 		.ascii	"unsigned int\000"
 440      676E6564 
 440      20696E74 
 440      00
 441              	.LASF9:
 442 00e1 6C6F6E67 		.ascii	"long long unsigned int\000"
 442      206C6F6E 
 442      6720756E 
 442      7369676E 
 442      65642069 
 443              	.LASF19:
 444 00f8 50454461 		.ascii	"PEData\000"
 444      746100
 445              	.LASF4:
 446 00ff 756E7369 		.ascii	"unsigned char\000"
 446      676E6564 
 446      20636861 
 446      7200
 447              	.LASF14:
 448 010d 73746D33 		.ascii	"stm32_gpio_setup_t\000"
 448      325F6770 
 448      696F5F73 
 448      65747570 
 448      5F7400
 449              	.LASF27:
 450 0120 73746D33 		.ascii	"stm32_clock_init\000"
 450      325F636C 
 450      6F636B5F 
 450      696E6974 
 450      00
 451              	.LASF8:
 452 0131 6C6F6E67 		.ascii	"long unsigned int\000"
 452      20756E73 
 452      69676E65 
 452      6420696E 
 452      7400
 453              	.LASF6:
 454 0143 73686F72 		.ascii	"short unsigned int\000"
 454      7420756E 
 454      7369676E 
 454      65642069 
 454      6E7400
 455              	.LASF11:
 456 0156 75696E74 		.ascii	"uint32_t\000"
 456      33325F74 
 456      00
 457              	.LASF25:
 458 015f 433A5C55 		.ascii	"C:\\Users\\denes\\Desktop\\canboard\\firmware\000"
 458      73657273 
 458      5C64656E 
 458      65735C44 
 458      65736B74 
 459              	.LASF20:
 460 0188 50414C43 		.ascii	"PALConfig\000"
 460      6F6E6669 
 460      6700
 461              	.LASF26:
ARM GAS  C:\Users\denes\AppData\Local\Temp\ccthV2TI.s 			page 10


 462 0192 70616C5F 		.ascii	"pal_default_config\000"
 462      64656661 
 462      756C745F 
 462      636F6E66 
 462      696700
 463              	.LASF10:
 464 01a5 5F5F7569 		.ascii	"__uint32_t\000"
 464      6E743332 
 464      5F7400
 465              	.LASF16:
 466 01b0 50424461 		.ascii	"PBData\000"
 466      746100
 467              	.LASF12:
 468 01b7 63686172 		.ascii	"char\000"
 468      00
 469              	.LASF21:
 470 01bc 626F6172 		.ascii	"boardInit\000"
 470      64496E69 
 470      7400
 471              	.LASF22:
 472 01c6 5F5F6561 		.ascii	"__early_init\000"
 472      726C795F 
 472      696E6974 
 472      00
 473              	.LASF1:
 474 01d3 6C6F6E67 		.ascii	"long long int\000"
 474      206C6F6E 
 474      6720696E 
 474      7400
 475              	.LASF5:
 476 01e1 73686F72 		.ascii	"short int\000"
 476      7420696E 
 476      7400
 477              	.LASF17:
 478 01eb 50434461 		.ascii	"PCData\000"
 478      746100
 479              	.LASF15:
 480 01f2 50414461 		.ascii	"PAData\000"
 480      746100
 481              	.LASF7:
 482 01f9 6C6F6E67 		.ascii	"long int\000"
 482      20696E74 
 482      00
 483              	.LASF24:
 484 0202 2E2F4368 		.ascii	"./ChibiOS/os/hal/boards/STM32F103C8_MINIMAL/board.c"
 484      6962694F 
 484      532F6F73 
 484      2F68616C 
 484      2F626F61 
 485 0235 00       		.ascii	"\000"
 486              	.LASF2:
 487 0236 6C6F6E67 		.ascii	"long double\000"
 487      20646F75 
 487      626C6500 
 488              	.LASF3:
 489 0242 7369676E 		.ascii	"signed char\000"
 489      65642063 
ARM GAS  C:\Users\denes\AppData\Local\Temp\ccthV2TI.s 			page 11


 489      68617200 
 490              	.LASF13:
 491 024e 5F426F6F 		.ascii	"_Bool\000"
 491      6C00
 492              		.section	.gnu.debuglto_.debug_line_str,"eMS",%progbits,1
 493              	.LASF36:
 494 0000 5F737464 		.ascii	"_stdint.h\000"
 494      696E742E 
 494      6800
 495              	.LASF39:
 496 000a 68616C5F 		.ascii	"hal_lld.h\000"
 496      6C6C642E 
 496      6800
 497              	.LASF33:
 498 0014 43686962 		.ascii	"ChibiOS/os/hal/ports/STM32/STM32F1xx\000"
 498      694F532F 
 498      6F732F68 
 498      616C2F70 
 498      6F727473 
 499              	.LASF30:
 500 0039 433A2F6D 		.ascii	"C:/msys64/mingw64/arm-none-eabi/include/sys\000"
 500      73797336 
 500      342F6D69 
 500      6E677736 
 500      342F6172 
 501              	.LASF34:
 502 0065 2E2F4368 		.ascii	"./ChibiOS/os/hal/boards/STM32F103C8_MINIMAL/board.c"
 502      6962694F 
 502      532F6F73 
 502      2F68616C 
 502      2F626F61 
 503 0098 00       		.ascii	"\000"
 504              	.LASF38:
 505 0099 626F6172 		.ascii	"board.c\000"
 505      642E6300 
 506              	.LASF35:
 507 00a1 5F646566 		.ascii	"_default_types.h\000"
 507      61756C74 
 507      5F747970 
 507      65732E68 
 507      00
 508              	.LASF37:
 509 00b2 68616C5F 		.ascii	"hal_pal_lld.h\000"
 509      70616C5F 
 509      6C6C642E 
 509      6800
 510              	.LASF28:
 511 00c0 433A5C55 		.ascii	"C:\\Users\\denes\\Desktop\\canboard\\firmware\000"
 511      73657273 
 511      5C64656E 
 511      65735C44 
 511      65736B74 
 512              	.LASF31:
 513 00e9 43686962 		.ascii	"ChibiOS/os/hal/boards/STM32F103C8_MINIMAL\000"
 513      694F532F 
 513      6F732F68 
 513      616C2F62 
ARM GAS  C:\Users\denes\AppData\Local\Temp\ccthV2TI.s 			page 12


 513      6F617264 
 514              	.LASF32:
 515 0113 43686962 		.ascii	"ChibiOS/os/hal/ports/STM32/LLD/GPIOv1\000"
 515      694F532F 
 515      6F732F68 
 515      616C2F70 
 515      6F727473 
 516              	.LASF29:
 517 0139 433A2F6D 		.ascii	"C:/msys64/mingw64/arm-none-eabi/include/machine\000"
 517      73797336 
 517      342F6D69 
 517      6E677736 
 517      342F6172 
 518              		.text
 519              		.section	.gnu.lto_.profile.62044dd0,"e",%progbits
 520 0000 28B52FFD 		.ascii	"(\265/\375 \0061\000\000\002\000\000\000\000\000"
 520      20063100 
 520      00020000 
 520      000000
 521              		.text
 522              		.section	.gnu.lto_.icf.62044dd0,"e",%progbits
 523 0000 28B52FFD 		.ascii	"(\265/\375 \"\365\000\000\300\026\000\003\000\330\331"
 523      2022F500 
 523      00C01600 
 523      0300D8D9 
 524 0010 C39B0200 		.ascii	"\303\233\002\000\001\264\373\202\373\017\000\002\364"
 524      01B4FB82 
 524      FB0F0002 
 524      F4
 525 001d F38CF801 		.ascii	"\363\214\370\001\000\001\000\033\300\002"
 525      0001001B 
 525      C002
 526              		.text
 527              		.section	.gnu.lto_.ipa_sra.62044dd0,"e",%progbits
 528 0000 28B52FFD 		.ascii	"(\265/\375 \026\225\000\000`\012\000\002\000\000\001"
 528      20169500 
 528      00600A00 
 528      02000001 
 529 0010 00010100 		.ascii	"\000\001\001\000\001\000\001\000\033\300\002"
 529      01000100 
 529      1BC002
 530              		.text
 531              		.section	.gnu.lto_.inline.62044dd0,"e",%progbits
 532 0000 28B52FFD 		.ascii	"(\265/\375 \\\265\001\000D\002P\000\002\000\000\004"
 532      205CB501 
 532      00440250 
 532      00020000 
 532      04
 533 0011 80808080 		.ascii	"\200\200\200\200\003f\001\000\000\002\000\000\201\200"
 533      03660100 
 533      00020000 
 533      8180
 534 001f 80807E00 		.ascii	"\200\200~\000\000\006\002d\002\000\000\001\012\000\003"
 534      00060264 
 534      02000001 
 534      0A0003
 535 002e 0006004D 		.ascii	"\000\006\000M\005\220\023qJ\023\233;\270\271\006\014"
ARM GAS  C:\Users\denes\AppData\Local\Temp\ccthV2TI.s 			page 13


 535      05901371 
 535      4A139B3B 
 535      B8B9060C 
 536 003e DA       		.ascii	"\332"
 537              		.text
 538              		.section	.gnu.lto_.jmpfuncs.62044dd0,"e",%progbits
 539 0000 28B52FFD 		.ascii	"(\265/\375 \025\215\000\000X\011\000\002\000\000\000"
 539      20158D00 
 539      00580900 
 539      02000000 
 540 0010 00010000 		.ascii	"\000\001\000\000\000\001\000\033\300\002"
 540      0001001B 
 540      C002
 541              		.text
 542              		.section	.gnu.lto_.pureconst.62044dd0,"e",%progbits
 543 0000 28B52FFD 		.ascii	"(\265/\375 \013Y\000\000\007\000\000\000\002\000\230"
 543      200B5900 
 543      00070000 
 543      00020098 
 544 0010 04018004 		.ascii	"\004\001\200\004"
 545              		.text
 546              		.section	.gnu.lto_.ipa_modref.62044dd0,"e",%progbits
 547 0000 28B52FFD 		.ascii	"(\265/\375 \030e\000\000 \014\000\001\000\002\000`\343"
 547      20186500 
 547      00200C00 
 547      01000200 
 547      60E3
 548 0012 0D6001   		.ascii	"\015`\001"
 549              		.text
 550              		.section	.gnu.lto_.lto.62044dd0,"e",%progbits
 551 0000 0D000100 		.ascii	"\015\000\001\000\001\000\001\000"
 551      01000100 
 552              		.text
 553              		.section	.gnu.lto_pal_default_config.290.62044dd0,"e",%progbits
 554 0000 28B52FFD 		.ascii	"(\265/\375 \237\375\002\000T\004\222\000\000\000\001"
 554      209FFD02 
 554      00540492 
 554      00000001 
 555 0010 00050106 		.ascii	"\000\005\001\006(\001\210\221\242\304\010\377\377\377"
 555      28018891 
 555      A2C408FF 
 555      FFFF
 556 001e FF0F0501 		.ascii	"\377\017\005\001?\202\210\200\030\177}\272\001{\271"
 556      3F828880 
 556      187F7DBA 
 556      017BB9
 557 002d 0179B901 		.ascii	"\001y\271\001\304\220\274\210\221\342\301\271\001y\276"
 557      C490BC88 
 557      91E2C1B9 
 557      0179BE
 558 003c 01B92877 		.ascii	"\001\271(wu\301\001s\300\001q\277\001o\275\001m\273"
 558      75C10173 
 558      C00171BF 
 558      016FBD01 
 558      6DBB
 559 004e 01000A00 		.ascii	"\001\000\012\000C\005\000\274K\263\323\340\020(\007"
 559      430500BC 
ARM GAS  C:\Users\denes\AppData\Local\Temp\ccthV2TI.s 			page 14


 559      4BB3D3E0 
 559      102807
 560 005d 3620D530 		.ascii	"6 \3250\237\322Z.\032@\021"
 560      9FD25A2E 
 560      1A4011
 561              		.text
 562              		.section	.gnu.lto___early_init.291.62044dd0,"e",%progbits
 563 0000 28B52FFD 		.ascii	"(\265/\375`\013\000\215\007\000\322\31558@s\322\001"
 563      600B008D 
 563      0700D2CD 
 563      35384073 
 563      D201
 564 0012 BBA41289 		.ascii	"\273\244\022\211\017\226f\001\025Z\321\273\342\347j"
 564      0F966601 
 564      155AD1BB 
 564      E2E76A
 565 0021 C6858F11 		.ascii	"\306\205\217\021-\344\377\374\203C\254[\2575\353RS\320"
 565      2DE4FFFC 
 565      8343AC5B 
 565      AF35EB52 
 565      53D0
 566 0033 C0D66083 		.ascii	"\300\326`\203\000Wb_c\232\344\336\217\204\336\254\334"
 566      0057625F 
 566      639AE4DE 
 566      8F84DEAC 
 566      DC
 567 0044 32051F79 		.ascii	"2\005\037y& 0\020\005\010\303h\270>\011\012\022\013"
 567      26203010 
 567      0508C368 
 567      B83E090A 
 567      120B
 568 0056 1FCC2204 		.ascii	"\037\314\"\004+\344\220%X5\030\252\310DY\351\202\036"
 568      2BE49025 
 568      583518AA 
 568      C84459E9 
 568      821E
 569 0068 864F2A41 		.ascii	"\206O*A:h\246\021ITj\"\223\034E\017\355c\243\316\210"
 569      3A68A611 
 569      49546A22 
 569      931C450F 
 569      ED63A3CE 
 570 007d 58A76992 		.ascii	"X\247i\222b\245\263^D\207\013\341\177\327\313\251\200"
 570      62A5B35E 
 570      44870BE1 
 570      7FD7CBA9 
 570      80
 571 008e 9B15099F 		.ascii	"\233\025\011\237\234\337\0372\362\226\273A\011\233\274"
 571      9CDF1F32 
 571      F296BB41 
 571      099BBC
 572 009d A086A65F 		.ascii	"\240\206\246_\353\335\351\261\352\313\351\356>\247~"
 572      EBDDE9B1 
 572      EACBE9EE 
 572      3EA77E
 573 00ac 2698D914 		.ascii	"&\230\331\024U\367J\213\325\253\216\314\313\377\025"
 573      55F74A8B 
 573      D5AB8ECC 
ARM GAS  C:\Users\denes\AppData\Local\Temp\ccthV2TI.s 			page 15


 573      CBFF15
 574 00bb F8F6DB6C 		.ascii	"\370\366\333l\307\322\035\030\027\024VwCn\331m\337\366"
 574      C7D21D18 
 574      17145677 
 574      436ED96D 
 574      DFF6
 575 00cd DD981DE0 		.ascii	"\335\230\035\340P\247}\000\017\335\375\307\241T\366"
 575      50A77D00 
 575      0FDDFDC7 
 575      A154F6
 576 00dc BCFF0FFE 		.ascii	"\274\377\017\376g\374\027\011\010\000}\016\007D]\003"
 576      67FC1709 
 576      08007D0E 
 576      07445D03 
 577 00ec 75DC57B8 		.ascii	"u\334W\270y-\203\274\0141.\307\242\235d"
 577      792D83BC 
 577      0C312EC7 
 577      A29D64
 578              		.text
 579              		.section	.gnu.lto_boardInit.292.62044dd0,"e",%progbits
 580 0000 28B52FFD 		.ascii	"(\265/\375 \370-\007\000\304\014i\000\000\000`\000\000"
 580      20F82D07 
 580      00C40C69 
 580      00000060 
 580      0000
 581 0012 00230000 		.ascii	"\000#\000\000\000\001\003\000\001\222\221\212\002\000"
 581      00010300 
 581      0192918A 
 581      0200
 582 0020 80808040 		.ascii	"\200\200\200@\007\002\001\201\221\212\021\001\271\001"
 582      07020181 
 582      918A1101 
 582      B901
 583 002e 01007F02 		.ascii	"\001\000\177\002\001\177\001\254\003/\200\200\200\370"
 583      017F01AC 
 583      032F8080 
 583      80F8
 584 003c 8BAED005 		.ascii	"\213\256\320\005\200\250\300\001\354\000\000\177\000"
 584      80A8C001 
 584      EC00007F 
 584      00
 585 0049 0B010000 		.ascii	"\013\001\000\000\000\257\322\005\340\200\370\377\237"
 585      00AFD205 
 585      E080F8FF 
 585      9F
 586 0056 8080CA8B 		.ascii	"\200\200\312\213\001\313\026\002\000\000\251\003\000"
 586      01CB1602 
 586      0000A903 
 586      00
 587 0063 80808080 		.ascii	"\200\200\200\200\004\001\000\252\003\002\201\300\000"
 587      040100AA 
 587      030281C0 
 587      00
 588 0070 FF028022 		.ascii	"\377\002\200\"\000\207\003\202 \251\003\200\004\001"
 588      00870382 
 588      20A90380 
 588      0401
ARM GAS  C:\Users\denes\AppData\Local\Temp\ccthV2TI.s 			page 16


 589 007e 80C00000 		.ascii	"\200\300\000\000\000)C:\\Users\\denes\\Desktop\\can"
 589      0029433A 
 589      5C557365 
 589      72735C64 
 589      656E6573 
 590 009e 626F6172 		.ascii	"board\\firmware\0004./ChibiOS/os/hal/s/STM32F103C8_"
 590      645C6669 
 590      726D7761 
 590      72650034 
 590      2E2F4368 
 591 00cd 4D494E49 		.ascii	"MINIMAL.c\000\010\000}\016\023D\317\270a\215\010\215"
 591      4D414C2E 
 591      63000800 
 591      7D0E1344 
 591      CFB8618D 
 592 00e3 AE059397 		.ascii	"\256\005\223\227!\306\345X\264\223\014"
 592      21C6E558 
 592      B4930C
 593              		.text
 594              		.section	.gnu.lto_.symbol_nodes.62044dd0,"e",%progbits
 595 0000 28B52FFD 		.ascii	"(\265/\375 hM\002\000\002\004\016\031\260'\035\014\303"
 595      20684D02 
 595      0002040E 
 595      19B0271D 
 595      0CC3
 596 0012 4C6A016E 		.ascii	"Lj\001nMy]\267\\\345\220@0\314r\271\221-w\012\013t\332"
 596      4D795DB7 
 596      5CE59040 
 596      30CC72B9 
 596      912D770A 
 597 0029 B6AE5E3F 		.ascii	"\266\256^?h\312\230\320O\305B\032\000\031\021\022\247"
 597      68CA98D0 
 597      4FC5421A 
 597      00191112 
 597      A7
 598 003a BC3D7374 		.ascii	"\274=st\332v\343\301\377!\005\000B\204\016\3412\270"
 598      DA76E3C1 
 598      FF210500 
 598      42840EE1 
 598      32B8
 599 004c 0C00CA33 		.ascii	"\014\000\3123;\307"
 599      3BC7
 600              		.text
 601              		.section	.gnu.lto_.refs.62044dd0,"e",%progbits
 602 0000 28B52FFD 		.ascii	"(\265/\375 \005)\000\000\001\000\000\000\000"
 602      20052900 
 602      00010000 
 602      0000
 603              		.text
 604              		.section	.gnu.lto_.decls.62044dd0,"e",%progbits
 605 0000 28B52FFD 		.ascii	"(\265/\375`\315\005\335%\000\212F\230\017H\220\232U"
 605      60CD05DD 
 605      25008A46 
 605      980F4890 
 605      9A55
 606 0012 631A5FB3 		.ascii	"c\032_\2639\211y\002HD\011\"B\004<z\027\321c\205\022"
 606      39897902 
ARM GAS  C:\Users\denes\AppData\Local\Temp\ccthV2TI.s 			page 17


 606      48440922 
 606      42043C7A 
 606      17D16385 
 607 0027 A35F5348 		.ascii	"\243_SH\257\031\335\0126\357\317\277;\334\371'?\264"
 607      AF19DD0A 
 607      36EFCFBF 
 607      3BDCF927 
 607      3FB4
 608 0039 3374EBA5 		.ascii	"3t\353\245\335Tb\343\012'_r\333V\333\325\023\220\201"
 608      DD5462E3 
 608      0A275F72 
 608      DB56DBD5 
 608      139081
 609 004c 04907C20 		.ascii	"\004\220| )b\273\333z\313\024\305\000\337\000\352\000"
 609      2962BBDB 
 609      7ACB14C5 
 609      00DF00EA 
 609      00
 610 005d 2FBEC551 		.ascii	"/\276\305Q\014\022\032]0\205\305\313\266J\343\231\311"
 610      0C121A5D 
 610      3085C5CB 
 610      B64AE399 
 610      C9
 611 006e C3D8A1D0 		.ascii	"\303\330\241\320\006\3136!\225\316\0242\255\354\360"
 611      06CB3621 
 611      95CE1432 
 611      ADECF0
 612 007d D87362FB 		.ascii	"\330sb\373\023\223\307{\342U\310\212[\302\031\337Z\271"
 612      1393C77B 
 612      E255C88A 
 612      5BC219DF 
 612      5AB9
 613 008f 7456AC59 		.ascii	"tV\254Yk\361\177\210\377\304\033\311\313\344\303\257"
 613      6BF17F88 
 613      FFC41BC9 
 613      CBE4C3AF 
 614 009f ED728894 		.ascii	"\355r\210\224\375N*~\247\353\334$\023\361\377\233\336"
 614      FD4E2A7E 
 614      A7EBDC24 
 614      13F1FF9B 
 614      DE
 615 00b0 C3F4AFFF 		.ascii	"\303\364\257\377\221\351\332\376\027\336\233<k#\212"
 615      91E9DAFE 
 615      17DE9B3C 
 615      6B238A
 616 00bf E9486488 		.ascii	"\351Hd\210%\362O*\224=\377W\226\251D\332\274`rJ\376"
 616      25F24F2A 
 616      943DFF57 
 616      96A944DA 
 616      BC60724A 
 617 00d4 E9C7BB32 		.ascii	"\351\307\2732O\374\213\241\362*sm\317\376\277f\000h"
 617      4FFC8BA1 
 617      F22A736D 
 617      CFFEBF66 
 617      0068
 618 00e6 554DB171 		.ascii	"UM\261q\242\327\276K\266\211\200\271\253m,\333^ls\261"
 618      A2D7BE4B 
ARM GAS  C:\Users\denes\AppData\Local\Temp\ccthV2TI.s 			page 18


 618      B68980B9 
 618      AB6D2CDB 
 618      5E6C73B1 
 619 00fa BDC5F695 		.ascii	"\275\305\366\225m-)\266\243\330\256b\033\307\276Ml\177"
 619      6D2D29B6 
 619      A3D8AE62 
 619      1BC7BE4D 
 619      6C7F
 620 010c B1BD653B 		.ascii	"\261\275e;\312vk{\212m\364\353\353\353\313\266\222}"
 620      CA766B7B 
 620      8A6DF4EB 
 620      EBEBCBB6 
 620      927D
 621 011e 5B1B7D11 		.ascii	"[\033}\021o\003\000\360\252\202\022F\215\352;K\003\334"
 621      6F0300F0 
 621      AA821246 
 621      8DEA3B4B 
 621      03DC
 622 0130 59EA9B46 		.ascii	"Y\352\233FEo,U\313\250\262\033Ke\227'u\316\215\245\013"
 622      456F2C55 
 622      CBA8B21B 
 622      4B659727 
 622      75CE8DA5 
 623 0145 6E2CB5D9 		.ascii	"n,\265\331ryR\0127\226\372jQ\317\036QQ\267\305\371\323"
 623      7279520A 
 623      3796FA6A 
 623      51CF1E51 
 623      51B7C5F9 
 624 015a 3059FED8 		.ascii	"0Y\376\3304\323)\022C\311\343D}\243\250\347\017\335"
 624      34D32912 
 624      43C9E344 
 624      7DA3A8E7 
 624      0FDD
 625 016c FD7181F8 		.ascii	"\375q\201\370\006\201\272An\373\245_\0101\301\322T\214"
 625      0681BA41 
 625      6EFBA55F 
 625      0831C1D2 
 625      548C
 626 017e 20CD1F8F 		.ascii	" \315\037\217\263K\246\271\\s\242\266\315\334!\227\210"
 626      B34BA6B9 
 626      5C73A2B6 
 626      CDDC2197 
 626      88
 627 018f C3CCFEAE 		.ascii	"\303\314\376\256\377\005n\017)2\254N\024vy\322\363\306"
 627      FF056E0F 
 627      2932AC4E 
 627      147679D2 
 627      F3C6
 628 01a1 D21C9D85 		.ascii	"\322\034\235\2058\351\352w`\003\252\011\250\260\001"
 628      38E9EA77 
 628      6003AA09 
 628      A8B001
 629 01b0 BFAE50E4 		.ascii	"\277\256P\344\361u\363\330\245\012\253r\2309Q\331\317"
 629      F175F3D8 
 629      A50AAB72 
 629      983951D9 
 629      CF
ARM GAS  C:\Users\denes\AppData\Local\Temp\ccthV2TI.s 			page 19


 630 01c1 AB37EC6F 		.ascii	"\2537\354o\261\236\371\313\214,s(4\272h\225\306\035"
 630      B19EF9CB 
 630      8C2C7328 
 630      34BA6895 
 630      C61D
 631 01d3 96A934BE 		.ascii	"\226\2514\276\2152^v\352\306\267\302\"\214U\026\357"
 631      8D325E76 
 631      EAC6B7C2 
 631      228C5516 
 631      EF
 632 01e4 AF5CD556 		.ascii	"\257\\\325V\311\265\363'\215\353\360F\225\025\032/\213"
 632      C9B5F327 
 632      8DEBF046 
 632      95151A2F 
 632      8B
 633 01f5 278D2C53 		.ascii	"'\215,SY\334a\231B#\354m\247\016\335\227/\267=\243^"
 633      59DC6199 
 633      4223EC6D 
 633      A70EDD97 
 633      2FB73DA3 
 634 020a 2307061A 		.ascii	"#\007\006\032'\257\346\177\234\341\240Y\272r\262F=o"
 634      27AFE67F 
 634      9CE1A059 
 634      BA72B246 
 634      3D6F
 635 021c E8AE8F7B 		.ascii	"\350\256\217{\231\276P\227y\267\320\366\353\305QFF\262"
 635      99BE5097 
 635      79B7D0F6 
 635      EBC55146 
 635      46B2
 636 022e F9621382 		.ascii	"\371b\023\202sL\025\2543'z\265Z\035\255\031S>\272T$"
 636      734C15AC 
 636      33277AB5 
 636      5A1DAD19 
 636      533EBA54 
 637 0243 555445A9 		.ascii	"UTE\251-T2\226\377\275\334\254{u\271\334.\027\352b\331"
 637      2D543296 
 637      FFBDDCAC 
 637      7B75B9DC 
 637      2E17EA62 
 638 0258 B7C83552 		.ascii	"\267\3105R\323\322\265\274\202\345Z\271\224\327\362"
 638      D3D2B5BC 
 638      82E55AB9 
 638      94D7F2
 639 0267 525DAC9B 		.ascii	"R]\254\233\345Z9\211\302\344m\222jr\375\367\361\321"
 639      E55A3989 
 639      C2E46D92 
 639      6A72FDF7 
 639      F1D1
 640 0279 C9A2E1C3 		.ascii	"\311\242\341\303*\007\365)F\365\231\245\372\324\242"
 640      2A07F529 
 640      46F599A5 
 640      FAD4A2
 641 0288 FAB4527B 		.ascii	"\372\264R{n,\275Uz\002<\355\360\222:Q\237ET\253;\345"
 641      6E2CBD55 
 641      7A023CED 
 641      F0923A51 
ARM GAS  C:\Users\denes\AppData\Local\Temp\ccthV2TI.s 			page 20


 641      9F4554AB 
 642 029e 4AB95097 		.ascii	"J\271P\227\212}\247\356\021\337\374\037\376\277I\242"
 642      8A7DA7EE 
 642      11DFFC1F 
 642      FEBF49A2 
 643 02ae 08B9544B 		.ascii	"\010\271TKd\217\261\342i\371\267\266\3315_*\027\312"
 643      648FB1E2 
 643      69F9B7B6 
 643      D9355F2A 
 643      17CA
 644 02c0 7D82320D 		.ascii	"}\2022\015\333\327\030 \345\204\243\331\343\343\343"
 644      DBD71820 
 644      E584A3D9 
 644      E3E3E3
 645 02cf 7373E262 		.ascii	"ss\342bRQ\237-T\237D\3652\271M.\324\354:\361Ur\251,"
 645      52519F2D 
 645      549F44F5 
 645      32B94D2E 
 645      D4EC3AF1 
 646 02e7 80C5DF7C 		.ascii	"\200\305\337|>\372\321\365z(P\3242\324H\344|\275\034"
 646      3EFAD1F5 
 646      7A2850D4 
 646      32D448E4 
 646      7CBD1C
 647 02fa 0C68C802 		.ascii	"\014h\310\002\321\015\006\013\027\210R \2424xS*\021"
 647      D10D060B 
 647      17885220 
 647      A2347853 
 647      2A11
 648 030c DC016F3E 		.ascii	"\334\001o>\236\322\210\033\003\033R\020(\300G?\272^"
 648      9ED2881B 
 648      031B5210 
 648      28C0473F 
 648      BA5E
 649 031e EF5633D1 		.ascii	"\357V3\321A\210H\003-hh\210\026\374\371\224\036\034"
 649      41884803 
 649      2D686888 
 649      16FCF994 
 649      1E1C
 650 0330 FD72363F 		.ascii	"\375r6?\235\317&xc`\013&\361J\250\275_\316\006\027\304"
 650      9DCF2678 
 650      63600B26 
 650      F14AA8BD 
 650      5FCE0617 
 651 0345 050511A5 		.ascii	"\005\005\021\245#xFI\276\334-\330+\2013\332\351n=\234"
 651      23784649 
 651      BEDC2DD8 
 651      2B8133DA 
 651      E96E3D9C 
 652 0359 9280202F 		.ascii	"\222\200 /I\350\306\015\274\373\341N \375xFEI\270\\"
 652      49E8C60D 
 652      BCFBE14E 
 652      20FD7846 
 652      4549B85C 
 653 036d 91922F48 		.ascii	"\221\222/H\002\270\013*\002\356\222v\272\"\340o\007"
 653      02B80B2A 
 653      02EE9276 
ARM GAS  C:\Users\denes\AppData\Local\Temp\ccthV2TI.s 			page 21


 653      BA22E06F 
 653      07
 654 037e 04513401 		.ascii	"\004Q4\001\350\200\03580\302I\210\200\303\375\344~v"
 654      E8801D38 
 654      30C24988 
 654      80C3FDE4 
 654      7E76
 655 0390 0CA10624 		.ascii	"\014\241\006$\003\301A\203\232\373\031\262\260A\210"
 655      03C14183 
 655      9AFB19B2 
 655      B04188
 656 039f 83D0865B 		.ascii	"\203\320\206[\004 \333\202Z\006\006\266\015\037<\320"
 656      0420DB82 
 656      5A0606B6 
 656      0D1F3CD0 
 657 03af 80BA1FCE 		.ascii	"\200\272\037\316'\202\326\303\035\321\200>\232\207\016"
 657      2782D6C3 
 657      1DD1803E 
 657      9A870E
 658 03be 3C11BC23 		.ascii	"<\021\274# \332\217-\310K\342\335R\364~\270\335\355"
 658      20DA8F2D 
 658      C84BE2DD 
 658      52F47EB8 
 658      DDED
 659 03d0 96631B92 		.ascii	"\226c\033\222\002\024\273\340\317\227\3031\222\002\010"
 659      0214BBE0 
 659      CF97C331 
 659      920208
 660 03df 26907E38 		.ascii	"&\220~8\325\017j6a\332\233a\373\035\024)\365\344\352"
 660      D50F6A36 
 660      61DA9B61 
 660      FB1D1429 
 660      F5E4EA
 661 03f2 44035CA8 		.ascii	"D\003\\\250QDi\2142$\220\240FDDDL\323\001p\002\021Q"
 661      5144698C 
 661      322490A0 
 661      46444444 
 661      4CD30170 
 662 0409 671B12C0 		.ascii	"g\033\022\300\326%V\230\004\242\222\373\377\033\003"
 662      D6255698 
 662      04A292FB 
 662      FF1B03
 663 0418 54C53510 		.ascii	"T\3055\020\022\260\262\366\316\021z\360?\340\207\362"
 663      12B0B2F6 
 663      CE117AF0 
 663      3FE087F2 
 664 0428 91A6DE88 		.ascii	"\221\246\336\210\002IN\343j\212\205h\242\016\336\215"
 664      02494EE3 
 664      6A8A8568 
 664      A20EDE8D 
 665 0438 677AA2C9 		.ascii	"gz\242\311\310\261\0019\375\035\012$H8LNp&\271\205~"
 665      C8B10139 
 665      FD1D0A24 
 665      48384C4E 
 665      7026B985 
 666 044d FBCD6628 		.ascii	"\373\315f(\316\0104l\000\207\243\366\242\351\002\010"
 666      CE08346C 
ARM GAS  C:\Users\denes\AppData\Local\Temp\ccthV2TI.s 			page 22


 666      0087A3F6 
 666      A2E90208 
 667 045d CC23A043 		.ascii	"\314#\240C\366\2110\214\211\317B>\321\205\000<p\000"
 667      F689308C 
 667      89CF423E 
 667      D185003C 
 667      7000
 668 046f B9C64392 		.ascii	"\271\306C\222\230\273\264t\362\352_\346\314\01525\003"
 668      98BBB474 
 668      F2EA5FE6 
 668      CC0D3235 
 668      03
 669 0480 0FC5DCCF 		.ascii	"\017\305\334\317\352w\031\001\253Q1\360\000\323F\010"
 669      EA771901 
 669      AB5131F0 
 669      00D34608 
 670 0490 7D2C1E51 		.ascii	"},\036Q[B<\000Qi\370\306\004\227\311\356i5\230\000\011"
 670      5B423C00 
 670      5169F8C6 
 670      0497C9EE 
 670      69359800 
 671 04a5 D49AA149 		.ascii	"\324\232\241I\314\012\350\014\234\021\251\357\252\236"
 671      CC0AE80C 
 671      9C11A9EF 
 671      AA9E
 672 04b3 D51EAD1A 		.ascii	"\325\036\255\032\325\252\257\350x^\227\022\345\255\311"
 672      D5AAAFE8 
 672      785E9712 
 672      E5ADC9
 673 04c2 74610A   		.ascii	"ta\012"
 674              		.text
 675              		.section	.gnu.lto_.symtab.62044dd0,"e",%progbits
 676 0000 5F5F6561 		.ascii	"__early_init\000"
 676      726C795F 
 676      696E6974 
 676      00
 677 000d 00       		.ascii	"\000"
 678 000e 00       		.ascii	"\000"
 679 000f 00       		.ascii	"\000"
 680 0010 00000000 		.ascii	"\000\000\000\000\000\000\000\000"
 680      00000000 
 681 0018 C0000000 		.ascii	"\300\000\000\000"
 682 001c 626F6172 		.ascii	"boardInit\000"
 682      64496E69 
 682      7400
 683 0026 00       		.ascii	"\000"
 684 0027 00       		.ascii	"\000"
 685 0028 00       		.ascii	"\000"
 686 0029 00000000 		.ascii	"\000\000\000\000\000\000\000\000"
 686      00000000 
 687 0031 C2000000 		.ascii	"\302\000\000\000"
 688 0035 70616C5F 		.ascii	"pal_default_config\000"
 688      64656661 
 688      756C745F 
 688      636F6E66 
 688      696700
 689 0048 00       		.ascii	"\000"
ARM GAS  C:\Users\denes\AppData\Local\Temp\ccthV2TI.s 			page 23


 690 0049 00       		.ascii	"\000"
 691 004a 00       		.ascii	"\000"
 692 004b 00000000 		.ascii	"\000\000\000\000\000\000\000\000"
 692      00000000 
 693 0053 E8000000 		.ascii	"\350\000\000\000"
 694 0057 73746D33 		.ascii	"stm32_clock_init\000"
 694      325F636C 
 694      6F636B5F 
 694      696E6974 
 694      00
 695 0068 00       		.ascii	"\000"
 696 0069 02       		.ascii	"\002"
 697 006a 00       		.ascii	"\000"
 698 006b 00000000 		.ascii	"\000\000\000\000\000\000\000\000"
 698      00000000 
 699 0073 EA000000 		.ascii	"\352\000\000\000"
 700              		.text
 701              		.section	.gnu.lto_.ext_symtab.62044dd0,"e",%progbits
 702 0000 01       		.ascii	"\001"
 703 0001 01       		.ascii	"\001"
 704 0002 00       		.ascii	"\000"
 705 0003 01       		.ascii	"\001"
 706 0004 00       		.ascii	"\000"
 707 0005 02       		.ascii	"\002"
 708 0006 00       		.ascii	"\000"
 709 0007 01       		.ascii	"\001"
 710 0008 00       		.ascii	"\000"
 711              		.text
 712              		.section	.gnu.lto_.opts,"e",%progbits
 713 0000 272D666E 		.ascii	"'-fno-openmp' '-fno-openacc' '-fno-pie' '-fcf-prote"
 713      6F2D6F70 
 713      656E6D70 
 713      2720272D 
 713      666E6F2D 
 714 0033 6374696F 		.ascii	"ction=none' '-g' '-mcpu=cortex-m3' '-mthumb' '-mflo"
 714      6E3D6E6F 
 714      6E652720 
 714      272D6727 
 714      20272D6D 
 715 0066 61742D61 		.ascii	"at-abi=soft' '-mlibarch=armv7-m' '-march=armv7-m' '"
 715      62693D73 
 715      6F667427 
 715      20272D6D 
 715      6C696261 
 716 0099 2D4F3227 		.ascii	"-O2' '-fomit-frame-pointer' '-falign-functions=16' "
 716      20272D66 
 716      6F6D6974 
 716      2D667261 
 716      6D652D70 
 717 00cc 272D6673 		.ascii	"'-fsingle-precision-constant' '-ffunction-sections'"
 717      696E676C 
 717      652D7072 
 717      65636973 
 717      696F6E2D 
 718 00ff 20272D66 		.ascii	" '-fdata-sections' '-fno-common' '-flto=auto' '-Xas"
 718      64617461 
 718      2D736563 
ARM GAS  C:\Users\denes\AppData\Local\Temp\ccthV2TI.s 			page 24


 718      74696F6E 
 718      73272027 
 719 0132 73656D62 		.ascii	"sembler' '-alms=./build/lst/board.lst'\000"
 719      6C657227 
 719      20272D61 
 719      6C6D733D 
 719      2E2F6275 
 720              		.text
 721              		.comm	__gnu_lto_slim,1,1
 722              		.ident	"GCC: (GNU) 13.3.0"
ARM GAS  C:\Users\denes\AppData\Local\Temp\ccthV2TI.s 			page 25


DEFINED SYMBOLS
                            *ABS*:00000000 board.c
C:\Users\denes\AppData\Local\Temp\ccthV2TI.s:23     .gnu.debuglto_.debug_info:00000000 board.c.aa89af55
                            *COM*:00000001 __gnu_lto_slim

NO UNDEFINED SYMBOLS
