ARM GAS  C:\Users\denes\AppData\Local\Temp\ccL2uDXG.s 			page 1


   1              		.cpu cortex-m3
   2              		.arch armv7-m
   3              		.fpu softvfp
   4              		.eabi_attribute 20, 1
   5              		.eabi_attribute 21, 1
   6              		.eabi_attribute 23, 3
   7              		.eabi_attribute 24, 1
   8              		.eabi_attribute 25, 1
   9              		.eabi_attribute 26, 1
  10              		.eabi_attribute 30, 2
  11              		.eabi_attribute 34, 1
  12              		.eabi_attribute 18, 4
  13              		.file	"hal_efl_lld.c"
  14              		.section	.gnu.debuglto_.debug_info,"e",%progbits
  15              	.Ldebug_info0:
  16              		.hidden	hal_efl_lld.c.54bf10e5
  17              		.weak	hal_efl_lld.c.54bf10e5
  18              	hal_efl_lld.c.54bf10e5:
  19 0000 76000000 		.4byte	0x76
  20 0004 0500     		.2byte	0x5
  21 0006 01       		.byte	0x1
  22 0007 04       		.byte	0x4
  23 0008 00000000 		.4byte	.Ldebug_abbrev0
  24 000c 02       		.uleb128 0x2
  25 000d 1B000000 		.4byte	.LASF12
  26 0011 1D       		.byte	0x1d
  27 0012 87010000 		.4byte	.LASF13
  28 0016 5E010000 		.4byte	.LASF14
  29 001a 00000000 		.4byte	.Ldebug_line0
  30 001e 03       		.uleb128 0x3
  31 001f 04       		.byte	0x4
  32 0020 05       		.byte	0x5
  33 0021 696E7400 		.ascii	"int\000"
  34 0025 01       		.uleb128 0x1
  35 0026 04       		.byte	0x4
  36 0027 07       		.byte	0x7
  37 0028 0E000000 		.4byte	.LASF0
  38 002c 01       		.uleb128 0x1
  39 002d 08       		.byte	0x8
  40 002e 05       		.byte	0x5
  41 002f 00000000 		.4byte	.LASF1
  42 0033 01       		.uleb128 0x1
  43 0034 08       		.byte	0x8
  44 0035 04       		.byte	0x4
  45 0036 52010000 		.4byte	.LASF2
  46 003a 01       		.uleb128 0x1
  47 003b 01       		.byte	0x1
  48 003c 06       		.byte	0x6
  49 003d 46010000 		.4byte	.LASF3
  50 0041 01       		.uleb128 0x1
  51 0042 01       		.byte	0x1
  52 0043 08       		.byte	0x8
  53 0044 11010000 		.4byte	.LASF4
  54 0048 01       		.uleb128 0x1
  55 0049 02       		.byte	0x2
  56 004a 05       		.byte	0x5
  57 004b BC010000 		.4byte	.LASF5
ARM GAS  C:\Users\denes\AppData\Local\Temp\ccL2uDXG.s 			page 2


  58 004f 01       		.uleb128 0x1
  59 0050 02       		.byte	0x2
  60 0051 07       		.byte	0x7
  61 0052 33010000 		.4byte	.LASF6
  62 0056 01       		.uleb128 0x1
  63 0057 04       		.byte	0x4
  64 0058 05       		.byte	0x5
  65 0059 24010000 		.4byte	.LASF7
  66 005d 01       		.uleb128 0x1
  67 005e 04       		.byte	0x4
  68 005f 07       		.byte	0x7
  69 0060 E8000000 		.4byte	.LASF8
  70 0064 01       		.uleb128 0x1
  71 0065 08       		.byte	0x8
  72 0066 07       		.byte	0x7
  73 0067 FA000000 		.4byte	.LASF9
  74 006b 01       		.uleb128 0x1
  75 006c 01       		.byte	0x1
  76 006d 08       		.byte	0x8
  77 006e 1F010000 		.4byte	.LASF10
  78 0072 01       		.uleb128 0x1
  79 0073 01       		.byte	0x1
  80 0074 02       		.byte	0x2
  81 0075 2D010000 		.4byte	.LASF11
  82 0079 00       		.byte	0
  83              		.section	.gnu.debuglto_.debug_abbrev,"e",%progbits
  84              	.Ldebug_abbrev0:
  85 0000 01       		.uleb128 0x1
  86 0001 24       		.uleb128 0x24
  87 0002 00       		.byte	0
  88 0003 0B       		.uleb128 0xb
  89 0004 0B       		.uleb128 0xb
  90 0005 3E       		.uleb128 0x3e
  91 0006 0B       		.uleb128 0xb
  92 0007 03       		.uleb128 0x3
  93 0008 0E       		.uleb128 0xe
  94 0009 00       		.byte	0
  95 000a 00       		.byte	0
  96 000b 02       		.uleb128 0x2
  97 000c 11       		.uleb128 0x11
  98 000d 01       		.byte	0x1
  99 000e 25       		.uleb128 0x25
 100 000f 0E       		.uleb128 0xe
 101 0010 13       		.uleb128 0x13
 102 0011 0B       		.uleb128 0xb
 103 0012 03       		.uleb128 0x3
 104 0013 0E       		.uleb128 0xe
 105 0014 1B       		.uleb128 0x1b
 106 0015 0E       		.uleb128 0xe
 107 0016 10       		.uleb128 0x10
 108 0017 17       		.uleb128 0x17
 109 0018 00       		.byte	0
 110 0019 00       		.byte	0
 111 001a 03       		.uleb128 0x3
 112 001b 24       		.uleb128 0x24
 113 001c 00       		.byte	0
 114 001d 0B       		.uleb128 0xb
ARM GAS  C:\Users\denes\AppData\Local\Temp\ccL2uDXG.s 			page 3


 115 001e 0B       		.uleb128 0xb
 116 001f 3E       		.uleb128 0x3e
 117 0020 0B       		.uleb128 0xb
 118 0021 03       		.uleb128 0x3
 119 0022 08       		.uleb128 0x8
 120 0023 00       		.byte	0
 121 0024 00       		.byte	0
 122 0025 00       		.byte	0
 123              		.section	.gnu.debuglto_.debug_line,"e",%progbits
 124              	.Ldebug_line0:
 125 0000 2D000000 		.4byte	.LELT0-.LSLT0
 126              	.LSLT0:
 127 0004 0500     		.2byte	0x5
 128 0006 04       		.byte	0x4
 129 0007 00       		.byte	0
 130 0008 25000000 		.4byte	.LELTP0-.LASLTP0
 131              	.LASLTP0:
 132 000c 01       		.byte	0x1
 133 000d 01       		.byte	0x1
 134 000e 01       		.byte	0x1
 135 000f F6       		.byte	0xf6
 136 0010 F2       		.byte	0xf2
 137 0011 0D       		.byte	0xd
 138 0012 00       		.byte	0
 139 0013 01       		.byte	0x1
 140 0014 01       		.byte	0x1
 141 0015 01       		.byte	0x1
 142 0016 01       		.byte	0x1
 143 0017 00       		.byte	0
 144 0018 00       		.byte	0
 145 0019 00       		.byte	0
 146 001a 01       		.byte	0x1
 147 001b 00       		.byte	0
 148 001c 00       		.byte	0
 149 001d 01       		.byte	0x1
 150 001e 01       		.byte	0x1
 151 001f 01       		.uleb128 0x1
 152 0020 1F       		.uleb128 0x1f
 153 0021 01       		.uleb128 0x1
 154 0022 00000000 		.4byte	.LASF15
 155 0026 02       		.byte	0x2
 156 0027 01       		.uleb128 0x1
 157 0028 1F       		.uleb128 0x1f
 158 0029 02       		.uleb128 0x2
 159 002a 0B       		.uleb128 0xb
 160 002b 01       		.uleb128 0x1
 161 002c 29000000 		.4byte	.LASF16
 162 0030 00       		.byte	0
 163              	.LELTP0:
 164              	.LELT0:
 165              		.section	.gnu.debuglto_.debug_str,"eMS",%progbits,1
 166              	.LASF1:
 167 0000 6C6F6E67 		.ascii	"long long int\000"
 167      206C6F6E 
 167      6720696E 
 167      7400
 168              	.LASF0:
ARM GAS  C:\Users\denes\AppData\Local\Temp\ccL2uDXG.s 			page 4


 169 000e 756E7369 		.ascii	"unsigned int\000"
 169      676E6564 
 169      20696E74 
 169      00
 170              	.LASF12:
 171 001b 474E5520 		.ascii	"GNU C17 13.3.0 -mcpu=cortex-m3 -mthumb -mfloat-abi="
 171      43313720 
 171      31332E33 
 171      2E30202D 
 171      6D637075 
 172 004e 736F6674 		.ascii	"soft -march=armv7-m -ggdb -O2 -fomit-frame-pointer "
 172      202D6D61 
 172      7263683D 
 172      61726D76 
 172      372D6D20 
 173 0081 2D66616C 		.ascii	"-falign-functions=16 -fsingle-precision-constant -f"
 173      69676E2D 
 173      66756E63 
 173      74696F6E 
 173      733D3136 
 174 00b4 66756E63 		.ascii	"function-sections -fdata-sections -fno-common -flto"
 174      74696F6E 
 174      2D736563 
 174      74696F6E 
 174      73202D66 
 175 00e7 00       		.ascii	"\000"
 176              	.LASF8:
 177 00e8 6C6F6E67 		.ascii	"long unsigned int\000"
 177      20756E73 
 177      69676E65 
 177      6420696E 
 177      7400
 178              	.LASF9:
 179 00fa 6C6F6E67 		.ascii	"long long unsigned int\000"
 179      206C6F6E 
 179      6720756E 
 179      7369676E 
 179      65642069 
 180              	.LASF4:
 181 0111 756E7369 		.ascii	"unsigned char\000"
 181      676E6564 
 181      20636861 
 181      7200
 182              	.LASF10:
 183 011f 63686172 		.ascii	"char\000"
 183      00
 184              	.LASF7:
 185 0124 6C6F6E67 		.ascii	"long int\000"
 185      20696E74 
 185      00
 186              	.LASF11:
 187 012d 5F426F6F 		.ascii	"_Bool\000"
 187      6C00
 188              	.LASF6:
 189 0133 73686F72 		.ascii	"short unsigned int\000"
 189      7420756E 
 189      7369676E 
ARM GAS  C:\Users\denes\AppData\Local\Temp\ccL2uDXG.s 			page 5


 189      65642069 
 189      6E7400
 190              	.LASF3:
 191 0146 7369676E 		.ascii	"signed char\000"
 191      65642063 
 191      68617200 
 192              	.LASF2:
 193 0152 6C6F6E67 		.ascii	"long double\000"
 193      20646F75 
 193      626C6500 
 194              	.LASF14:
 195 015e 433A5C55 		.ascii	"C:\\Users\\denes\\Desktop\\canboard\\firmware\000"
 195      73657273 
 195      5C64656E 
 195      65735C44 
 195      65736B74 
 196              	.LASF13:
 197 0187 2E2F4368 		.ascii	"./ChibiOS/os/hal/ports/STM32/STM32F1xx/hal_efl_lld."
 197      6962694F 
 197      532F6F73 
 197      2F68616C 
 197      2F706F72 
 198 01ba 6300     		.ascii	"c\000"
 199              	.LASF5:
 200 01bc 73686F72 		.ascii	"short int\000"
 200      7420696E 
 200      7400
 201              		.section	.gnu.debuglto_.debug_line_str,"eMS",%progbits,1
 202              	.LASF15:
 203 0000 433A5C55 		.ascii	"C:\\Users\\denes\\Desktop\\canboard\\firmware\000"
 203      73657273 
 203      5C64656E 
 203      65735C44 
 203      65736B74 
 204              	.LASF16:
 205 0029 2E2F4368 		.ascii	"./ChibiOS/os/hal/ports/STM32/STM32F1xx/hal_efl_lld."
 205      6962694F 
 205      532F6F73 
 205      2F68616C 
 205      2F706F72 
 206 005c 6300     		.ascii	"c\000"
 207              		.text
 208              		.section	.gnu.lto_.profile.63e6772c,"e",%progbits
 209 0000 28B52FFD 		.ascii	"(\265/\375 \0061\000\000\002\000\000\000\000\000"
 209      20063100 
 209      00020000 
 209      000000
 210              		.text
 211              		.section	.gnu.lto_.icf.63e6772c,"e",%progbits
 212 0000 28B52FFD 		.ascii	"(\265/\375 \016E\000\000\020\002\000\001\000\034\300"
 212      200E4500 
 212      00100200 
 212      01001CC0 
 213 0010 02       		.ascii	"\002"
 214              		.text
 215              		.section	.gnu.lto_.ipa_sra.63e6772c,"e",%progbits
 216 0000 28B52FFD 		.ascii	"(\265/\375 \016E\000\000\020\002\000\001\000\034\300"
ARM GAS  C:\Users\denes\AppData\Local\Temp\ccL2uDXG.s 			page 6


 216      200E4500 
 216      00100200 
 216      01001CC0 
 217 0010 02       		.ascii	"\002"
 218              		.text
 219              		.section	.gnu.lto_.inline.63e6772c,"e",%progbits
 220 0000 28B52FFD 		.ascii	"(\265/\375 \016E\000\000\020\002\000\001\000\034\300"
 220      200E4500 
 220      00100200 
 220      01001CC0 
 221 0010 02       		.ascii	"\002"
 222              		.text
 223              		.section	.gnu.lto_.jmpfuncs.63e6772c,"e",%progbits
 224 0000 28B52FFD 		.ascii	"(\265/\375 \016E\000\000\020\002\000\001\000\034\300"
 224      200E4500 
 224      00100200 
 224      01001CC0 
 225 0010 02       		.ascii	"\002"
 226              		.text
 227              		.section	.gnu.lto_.pureconst.63e6772c,"e",%progbits
 228 0000 28B52FFD 		.ascii	"(\265/\375 \005)\000\000\001\000\000\000\000"
 228      20052900 
 228      00010000 
 228      0000
 229              		.text
 230              		.section	.gnu.lto_.ipa_modref.63e6772c,"e",%progbits
 231 0000 28B52FFD 		.ascii	"(\265/\375 \016E\000\000\020\002\000\001\000\034\300"
 231      200E4500 
 231      00100200 
 231      01001CC0 
 232 0010 02       		.ascii	"\002"
 233              		.text
 234              		.section	.gnu.lto_.lto.63e6772c,"e",%progbits
 235 0000 0D000100 		.ascii	"\015\000\001\000\001\000\001\000"
 235      01000100 
 236              		.text
 237              		.section	.gnu.lto_.symbol_nodes.63e6772c,"e",%progbits
 238 0000 28B52FFD 		.ascii	"(\265/\375 \0061\000\000\002\000\000\000\000\000"
 238      20063100 
 238      00020000 
 238      000000
 239              		.text
 240              		.section	.gnu.lto_.refs.63e6772c,"e",%progbits
 241 0000 28B52FFD 		.ascii	"(\265/\375 \005)\000\000\001\000\000\000\000"
 241      20052900 
 241      00010000 
 241      0000
 242              		.text
 243              		.section	.gnu.lto_.decls.63e6772c,"e",%progbits
 244 0000 28B52FFD 		.ascii	"(\265/\375 \035\351\000\000\000\000\000\000\001\000"
 244      201DE900 
 244      00000000 
 244      000100
 245 000f 00000C00 		.ascii	"\000\000\014\000\000\000\377\377\377\377\001\000\000"
 245      0000FFFF 
 245      FFFF0100 
 245      00
ARM GAS  C:\Users\denes\AppData\Local\Temp\ccL2uDXG.s 			page 7


 246 001c 00D70000 		.ascii	"\000\327\000\000\000\000\000\000\000\000"
 246      00000000 
 246      0000
 247              		.text
 248              		.section	.gnu.lto_.symtab.63e6772c,"e",%progbits
 249              		.text
 250              		.section	.gnu.lto_.ext_symtab.63e6772c,"e",%progbits
 251 0000 01       		.ascii	"\001"
 252              		.text
 253              		.section	.gnu.lto_.opts,"e",%progbits
 254 0000 272D666E 		.ascii	"'-fno-openmp' '-fno-openacc' '-fno-pie' '-fcf-prote"
 254      6F2D6F70 
 254      656E6D70 
 254      2720272D 
 254      666E6F2D 
 255 0033 6374696F 		.ascii	"ction=none' '-g' '-mcpu=cortex-m3' '-mthumb' '-mflo"
 255      6E3D6E6F 
 255      6E652720 
 255      272D6727 
 255      20272D6D 
 256 0066 61742D61 		.ascii	"at-abi=soft' '-mlibarch=armv7-m' '-march=armv7-m' '"
 256      62693D73 
 256      6F667427 
 256      20272D6D 
 256      6C696261 
 257 0099 2D4F3227 		.ascii	"-O2' '-fomit-frame-pointer' '-falign-functions=16' "
 257      20272D66 
 257      6F6D6974 
 257      2D667261 
 257      6D652D70 
 258 00cc 272D6673 		.ascii	"'-fsingle-precision-constant' '-ffunction-sections'"
 258      696E676C 
 258      652D7072 
 258      65636973 
 258      696F6E2D 
 259 00ff 20272D66 		.ascii	" '-fdata-sections' '-fno-common' '-flto=auto' '-Xas"
 259      64617461 
 259      2D736563 
 259      74696F6E 
 259      73272027 
 260 0132 73656D62 		.ascii	"sembler' '-alms=./build/lst/hal_efl_lld.lst'\000"
 260      6C657227 
 260      20272D61 
 260      6C6D733D 
 260      2E2F6275 
 261              		.text
 262              		.comm	__gnu_lto_slim,1,1
 263              		.ident	"GCC: (GNU) 13.3.0"
ARM GAS  C:\Users\denes\AppData\Local\Temp\ccL2uDXG.s 			page 8


DEFINED SYMBOLS
                            *ABS*:00000000 hal_efl_lld.c
C:\Users\denes\AppData\Local\Temp\ccL2uDXG.s:18     .gnu.debuglto_.debug_info:00000000 hal_efl_lld.c.54bf10e5
                            *COM*:00000001 __gnu_lto_slim

NO UNDEFINED SYMBOLS
