ARM GAS  C:\Users\denes\AppData\Local\Temp\ccpfszkx.s 			page 1


   1              		.cpu cortex-m3
   2              		.arch armv7-m
   3              		.fpu softvfp
   4              		.eabi_attribute 20, 1
   5              		.eabi_attribute 21, 1
   6              		.eabi_attribute 23, 3
   7              		.eabi_attribute 24, 1
   8              		.eabi_attribute 25, 1
   9              		.eabi_attribute 26, 1
  10              		.eabi_attribute 30, 2
  11              		.eabi_attribute 34, 1
  12              		.eabi_attribute 18, 4
  13              		.file	"nvic.c"
  14              		.file 1 "C:/msys64/mingw64/arm-none-eabi/include/machine/_default_types.h"
  15              		.file 2 "C:/msys64/mingw64/arm-none-eabi/include/sys/_stdint.h"
  16              		.file 3 "./ChibiOS/os/common/ext/ARM/CMSIS/Core/Include/core_cm3.h"
  17              		.file 4 "./ChibiOS/os/hal/ports/common/ARMCMx/nvic.c"
  18              		.section	.gnu.debuglto_.debug_info,"e",%progbits
  19              	.Ldebug_info0:
  20              		.hidden	nvic.c.3932b7ff
  21              		.weak	nvic.c.3932b7ff
  22              	nvic.c.3932b7ff:
  23 0000 DD030000 		.4byte	0x3dd
  24 0004 0500     		.2byte	0x5
  25 0006 01       		.byte	0x1
  26 0007 04       		.byte	0x4
  27 0008 00000000 		.4byte	.Ldebug_abbrev0
  28 000c 0E       		.uleb128 0xe
  29 000d 19000000 		.4byte	.LASF49
  30 0011 1D       		.byte	0x1d
  31 0012 19020000 		.4byte	.LASF50
  32 0016 8A010000 		.4byte	.LASF51
  33 001a 00000000 		.4byte	.Ldebug_line0
  34 001e 0F       		.uleb128 0xf
  35 001f 04       		.byte	0x4
  36 0020 05       		.byte	0x5
  37 0021 696E7400 		.ascii	"int\000"
  38 0025 02       		.uleb128 0x2
  39 0026 04       		.byte	0x4
  40 0027 07       		.byte	0x7
  41 0028 F8010000 		.4byte	.LASF0
  42 002c 02       		.uleb128 0x2
  43 002d 08       		.byte	0x8
  44 002e 05       		.byte	0x5
  45 002f 76020000 		.4byte	.LASF1
  46 0033 02       		.uleb128 0x2
  47 0034 08       		.byte	0x8
  48 0035 04       		.byte	0x4
  49 0036 B8020000 		.4byte	.LASF2
  50 003a 02       		.uleb128 0x2
  51 003b 01       		.byte	0x1
  52 003c 06       		.byte	0x6
  53 003d C4020000 		.4byte	.LASF3
  54 0041 09       		.uleb128 0x9
  55 0042 0A000000 		.4byte	.LASF8
  56 0046 01       		.byte	0x1
  57 0047 2B       		.byte	0x2b
ARM GAS  C:\Users\denes\AppData\Local\Temp\ccpfszkx.s 			page 2


  58 0048 18       		.byte	0x18
  59 0049 4D000000 		.4byte	0x4d
  60 004d 02       		.uleb128 0x2
  61 004e 01       		.byte	0x1
  62 004f 08       		.byte	0x8
  63 0050 55010000 		.4byte	.LASF4
  64 0054 02       		.uleb128 0x2
  65 0055 02       		.byte	0x2
  66 0056 05       		.byte	0x5
  67 0057 03010000 		.4byte	.LASF5
  68 005b 02       		.uleb128 0x2
  69 005c 02       		.byte	0x2
  70 005d 07       		.byte	0x7
  71 005e 72010000 		.4byte	.LASF6
  72 0062 02       		.uleb128 0x2
  73 0063 04       		.byte	0x4
  74 0064 05       		.byte	0x5
  75 0065 AF020000 		.4byte	.LASF7
  76 0069 09       		.uleb128 0x9
  77 006a DA010000 		.4byte	.LASF9
  78 006e 01       		.byte	0x1
  79 006f 4F       		.byte	0x4f
  80 0070 19       		.byte	0x19
  81 0071 75000000 		.4byte	0x75
  82 0075 02       		.uleb128 0x2
  83 0076 04       		.byte	0x4
  84 0077 07       		.byte	0x7
  85 0078 4B020000 		.4byte	.LASF10
  86 007c 02       		.uleb128 0x2
  87 007d 08       		.byte	0x8
  88 007e 07       		.byte	0x7
  89 007f 3E010000 		.4byte	.LASF11
  90 0083 09       		.uleb128 0x9
  91 0084 6E020000 		.4byte	.LASF12
  92 0088 02       		.byte	0x2
  93 0089 18       		.byte	0x18
  94 008a 13       		.byte	0x13
  95 008b 41000000 		.4byte	0x41
  96 008f 05       		.uleb128 0x5
  97 0090 83000000 		.4byte	0x83
  98 0094 09       		.uleb128 0x9
  99 0095 A6020000 		.4byte	.LASF13
 100 0099 02       		.byte	0x2
 101 009a 30       		.byte	0x30
 102 009b 14       		.byte	0x14
 103 009c 69000000 		.4byte	0x69
 104 00a0 05       		.uleb128 0x5
 105 00a1 94000000 		.4byte	0x94
 106 00a5 07       		.uleb128 0x7
 107 00a6 A0000000 		.4byte	0xa0
 108 00aa 10       		.uleb128 0x10
 109 00ab 040E     		.2byte	0xe04
 110 00ad 03       		.byte	0x3
 111 00ae 5401     		.2byte	0x154
 112 00b0 09       		.byte	0x9
 113 00b1 5C010000 		.4byte	0x15c
 114 00b5 01       		.uleb128 0x1
ARM GAS  C:\Users\denes\AppData\Local\Temp\ccpfszkx.s 			page 3


 115 00b6 90020000 		.4byte	.LASF14
 116 00ba 5601     		.2byte	0x156
 117 00bc 6C010000 		.4byte	0x16c
 118 00c0 00       		.byte	0
 119 00c1 01       		.uleb128 0x1
 120 00c2 0D010000 		.4byte	.LASF15
 121 00c6 5701     		.2byte	0x157
 122 00c8 71010000 		.4byte	0x171
 123 00cc 20       		.byte	0x20
 124 00cd 01       		.uleb128 0x1
 125 00ce E5010000 		.4byte	.LASF16
 126 00d2 5801     		.2byte	0x158
 127 00d4 6C010000 		.4byte	0x16c
 128 00d8 80       		.byte	0x80
 129 00d9 01       		.uleb128 0x1
 130 00da 5D020000 		.4byte	.LASF17
 131 00de 5901     		.2byte	0x159
 132 00e0 71010000 		.4byte	0x171
 133 00e4 A0       		.byte	0xa0
 134 00e5 06       		.uleb128 0x6
 135 00e6 05020000 		.4byte	.LASF18
 136 00ea 5A01     		.2byte	0x15a
 137 00ec 6C010000 		.4byte	0x16c
 138 00f0 0001     		.2byte	0x100
 139 00f2 06       		.uleb128 0x6
 140 00f3 F7020000 		.4byte	.LASF19
 141 00f7 5B01     		.2byte	0x15b
 142 00f9 71010000 		.4byte	0x171
 143 00fd 2001     		.2byte	0x120
 144 00ff 06       		.uleb128 0x6
 145 0100 05000000 		.4byte	.LASF20
 146 0104 5C01     		.2byte	0x15c
 147 0106 6C010000 		.4byte	0x16c
 148 010a 8001     		.2byte	0x180
 149 010c 06       		.uleb128 0x6
 150 010d 17010000 		.4byte	.LASF21
 151 0111 5D01     		.2byte	0x15d
 152 0113 71010000 		.4byte	0x171
 153 0117 A001     		.2byte	0x1a0
 154 0119 06       		.uleb128 0x6
 155 011a ED020000 		.4byte	.LASF22
 156 011e 5E01     		.2byte	0x15e
 157 0120 6C010000 		.4byte	0x16c
 158 0124 0002     		.2byte	0x200
 159 0126 06       		.uleb128 0x6
 160 0127 21010000 		.4byte	.LASF23
 161 012b 5F01     		.2byte	0x15f
 162 012d 81010000 		.4byte	0x181
 163 0131 2002     		.2byte	0x220
 164 0133 11       		.uleb128 0x11
 165 0134 495000   		.ascii	"IP\000"
 166 0137 03       		.byte	0x3
 167 0138 6001     		.2byte	0x160
 168 013a 12       		.byte	0x12
 169 013b A1010000 		.4byte	0x1a1
 170 013f 0003     		.2byte	0x300
 171 0141 06       		.uleb128 0x6
ARM GAS  C:\Users\denes\AppData\Local\Temp\ccpfszkx.s 			page 4


 172 0142 2B010000 		.4byte	.LASF24
 173 0146 6101     		.2byte	0x161
 174 0148 A6010000 		.4byte	0x1a6
 175 014c F003     		.2byte	0x3f0
 176 014e 06       		.uleb128 0x6
 177 014f 6D010000 		.4byte	.LASF25
 178 0153 6201     		.2byte	0x162
 179 0155 A0000000 		.4byte	0xa0
 180 0159 000E     		.2byte	0xe00
 181 015b 00       		.byte	0
 182 015c 03       		.uleb128 0x3
 183 015d A0000000 		.4byte	0xa0
 184 0161 6C010000 		.4byte	0x16c
 185 0165 04       		.uleb128 0x4
 186 0166 25000000 		.4byte	0x25
 187 016a 07       		.byte	0x7
 188 016b 00       		.byte	0
 189 016c 05       		.uleb128 0x5
 190 016d 5C010000 		.4byte	0x15c
 191 0171 03       		.uleb128 0x3
 192 0172 94000000 		.4byte	0x94
 193 0176 81010000 		.4byte	0x181
 194 017a 04       		.uleb128 0x4
 195 017b 25000000 		.4byte	0x25
 196 017f 17       		.byte	0x17
 197 0180 00       		.byte	0
 198 0181 03       		.uleb128 0x3
 199 0182 94000000 		.4byte	0x94
 200 0186 91010000 		.4byte	0x191
 201 018a 04       		.uleb128 0x4
 202 018b 25000000 		.4byte	0x25
 203 018f 37       		.byte	0x37
 204 0190 00       		.byte	0
 205 0191 03       		.uleb128 0x3
 206 0192 8F000000 		.4byte	0x8f
 207 0196 A1010000 		.4byte	0x1a1
 208 019a 04       		.uleb128 0x4
 209 019b 25000000 		.4byte	0x25
 210 019f EF       		.byte	0xef
 211 01a0 00       		.byte	0
 212 01a1 05       		.uleb128 0x5
 213 01a2 91010000 		.4byte	0x191
 214 01a6 03       		.uleb128 0x3
 215 01a7 94000000 		.4byte	0x94
 216 01ab B7010000 		.4byte	0x1b7
 217 01af 12       		.uleb128 0x12
 218 01b0 25000000 		.4byte	0x25
 219 01b4 8302     		.2byte	0x283
 220 01b6 00       		.byte	0
 221 01b7 0D       		.uleb128 0xd
 222 01b8 63010000 		.4byte	.LASF26
 223 01bc 6301     		.2byte	0x163
 224 01be 04       		.byte	0x4
 225 01bf AA000000 		.4byte	0xaa
 226 01c3 13       		.uleb128 0x13
 227 01c4 8C       		.byte	0x8c
 228 01c5 03       		.byte	0x3
ARM GAS  C:\Users\denes\AppData\Local\Temp\ccpfszkx.s 			page 5


 229 01c6 7601     		.2byte	0x176
 230 01c8 09       		.byte	0x9
 231 01c9 CA020000 		.4byte	0x2ca
 232 01cd 01       		.uleb128 0x1
 233 01ce 84020000 		.4byte	.LASF27
 234 01d2 7801     		.2byte	0x178
 235 01d4 A5000000 		.4byte	0xa5
 236 01d8 00       		.byte	0
 237 01d9 01       		.uleb128 0x1
 238 01da 14020000 		.4byte	.LASF28
 239 01de 7901     		.2byte	0x179
 240 01e0 A0000000 		.4byte	0xa0
 241 01e4 04       		.byte	0x4
 242 01e5 01       		.uleb128 0x1
 243 01e6 FE000000 		.4byte	.LASF29
 244 01ea 7A01     		.2byte	0x17a
 245 01ec A0000000 		.4byte	0xa0
 246 01f0 08       		.byte	0x8
 247 01f1 01       		.uleb128 0x1
 248 01f2 45020000 		.4byte	.LASF30
 249 01f6 7B01     		.2byte	0x17b
 250 01f8 A0000000 		.4byte	0xa0
 251 01fc 0C       		.byte	0xc
 252 01fd 08       		.uleb128 0x8
 253 01fe 53435200 		.ascii	"SCR\000"
 254 0202 7C01     		.2byte	0x17c
 255 0204 A0000000 		.4byte	0xa0
 256 0208 10       		.byte	0x10
 257 0209 08       		.uleb128 0x8
 258 020a 43435200 		.ascii	"CCR\000"
 259 020e 7D01     		.2byte	0x17d
 260 0210 A0000000 		.4byte	0xa0
 261 0214 14       		.byte	0x14
 262 0215 08       		.uleb128 0x8
 263 0216 53485000 		.ascii	"SHP\000"
 264 021a 7E01     		.2byte	0x17e
 265 021c DA020000 		.4byte	0x2da
 266 0220 18       		.byte	0x18
 267 0221 01       		.uleb128 0x1
 268 0222 A0020000 		.4byte	.LASF31
 269 0226 7F01     		.2byte	0x17f
 270 0228 A0000000 		.4byte	0xa0
 271 022c 24       		.byte	0x24
 272 022d 01       		.uleb128 0x1
 273 022e 85010000 		.4byte	.LASF32
 274 0232 8001     		.2byte	0x180
 275 0234 A0000000 		.4byte	0xa0
 276 0238 28       		.byte	0x28
 277 0239 01       		.uleb128 0x1
 278 023a C4010000 		.4byte	.LASF33
 279 023e 8101     		.2byte	0x181
 280 0240 A0000000 		.4byte	0xa0
 281 0244 2C       		.byte	0x2c
 282 0245 01       		.uleb128 0x1
 283 0246 0A020000 		.4byte	.LASF34
 284 024a 8201     		.2byte	0x182
 285 024c A0000000 		.4byte	0xa0
ARM GAS  C:\Users\denes\AppData\Local\Temp\ccpfszkx.s 			page 6


 286 0250 30       		.byte	0x30
 287 0251 01       		.uleb128 0x1
 288 0252 9A020000 		.4byte	.LASF35
 289 0256 8301     		.2byte	0x183
 290 0258 A0000000 		.4byte	0xa0
 291 025c 34       		.byte	0x34
 292 025d 01       		.uleb128 0x1
 293 025e F2020000 		.4byte	.LASF36
 294 0262 8401     		.2byte	0x184
 295 0264 A0000000 		.4byte	0xa0
 296 0268 38       		.byte	0x38
 297 0269 01       		.uleb128 0x1
 298 026a 95020000 		.4byte	.LASF37
 299 026e 8501     		.2byte	0x185
 300 0270 A0000000 		.4byte	0xa0
 301 0274 3C       		.byte	0x3c
 302 0275 08       		.uleb128 0x8
 303 0276 50465200 		.ascii	"PFR\000"
 304 027a 8601     		.2byte	0x186
 305 027c F4020000 		.4byte	0x2f4
 306 0280 40       		.byte	0x40
 307 0281 08       		.uleb128 0x8
 308 0282 44465200 		.ascii	"DFR\000"
 309 0286 8701     		.2byte	0x187
 310 0288 A5000000 		.4byte	0xa5
 311 028c 48       		.byte	0x48
 312 028d 08       		.uleb128 0x8
 313 028e 41445200 		.ascii	"ADR\000"
 314 0292 8801     		.2byte	0x188
 315 0294 A5000000 		.4byte	0xa5
 316 0298 4C       		.byte	0x4c
 317 0299 01       		.uleb128 0x1
 318 029a 14000000 		.4byte	.LASF38
 319 029e 8901     		.2byte	0x189
 320 02a0 0E030000 		.4byte	0x30e
 321 02a4 50       		.byte	0x50
 322 02a5 01       		.uleb128 0x1
 323 02a6 EA010000 		.4byte	.LASF39
 324 02aa 8A01     		.2byte	0x18a
 325 02ac 28030000 		.4byte	0x328
 326 02b0 60       		.byte	0x60
 327 02b1 01       		.uleb128 0x1
 328 02b2 0D010000 		.4byte	.LASF15
 329 02b6 8B01     		.2byte	0x18b
 330 02b8 2D030000 		.4byte	0x32d
 331 02bc 74       		.byte	0x74
 332 02bd 01       		.uleb128 0x1
 333 02be 8A020000 		.4byte	.LASF40
 334 02c2 8C01     		.2byte	0x18c
 335 02c4 A0000000 		.4byte	0xa0
 336 02c8 88       		.byte	0x88
 337 02c9 00       		.byte	0
 338 02ca 03       		.uleb128 0x3
 339 02cb 8F000000 		.4byte	0x8f
 340 02cf DA020000 		.4byte	0x2da
 341 02d3 04       		.uleb128 0x4
 342 02d4 25000000 		.4byte	0x25
ARM GAS  C:\Users\denes\AppData\Local\Temp\ccpfszkx.s 			page 7


 343 02d8 0B       		.byte	0xb
 344 02d9 00       		.byte	0
 345 02da 05       		.uleb128 0x5
 346 02db CA020000 		.4byte	0x2ca
 347 02df 03       		.uleb128 0x3
 348 02e0 A5000000 		.4byte	0xa5
 349 02e4 EF020000 		.4byte	0x2ef
 350 02e8 04       		.uleb128 0x4
 351 02e9 25000000 		.4byte	0x25
 352 02ed 01       		.byte	0x1
 353 02ee 00       		.byte	0
 354 02ef 07       		.uleb128 0x7
 355 02f0 DF020000 		.4byte	0x2df
 356 02f4 05       		.uleb128 0x5
 357 02f5 EF020000 		.4byte	0x2ef
 358 02f9 03       		.uleb128 0x3
 359 02fa A5000000 		.4byte	0xa5
 360 02fe 09030000 		.4byte	0x309
 361 0302 04       		.uleb128 0x4
 362 0303 25000000 		.4byte	0x25
 363 0307 03       		.byte	0x3
 364 0308 00       		.byte	0
 365 0309 07       		.uleb128 0x7
 366 030a F9020000 		.4byte	0x2f9
 367 030e 05       		.uleb128 0x5
 368 030f 09030000 		.4byte	0x309
 369 0313 03       		.uleb128 0x3
 370 0314 A5000000 		.4byte	0xa5
 371 0318 23030000 		.4byte	0x323
 372 031c 04       		.uleb128 0x4
 373 031d 25000000 		.4byte	0x25
 374 0321 04       		.byte	0x4
 375 0322 00       		.byte	0
 376 0323 07       		.uleb128 0x7
 377 0324 13030000 		.4byte	0x313
 378 0328 05       		.uleb128 0x5
 379 0329 23030000 		.4byte	0x323
 380 032d 03       		.uleb128 0x3
 381 032e 94000000 		.4byte	0x94
 382 0332 3D030000 		.4byte	0x33d
 383 0336 04       		.uleb128 0x4
 384 0337 25000000 		.4byte	0x25
 385 033b 04       		.byte	0x4
 386 033c 00       		.byte	0
 387 033d 0D       		.uleb128 0xd
 388 033e EF010000 		.4byte	.LASF41
 389 0342 8D01     		.2byte	0x18d
 390 0344 03       		.byte	0x3
 391 0345 C3010000 		.4byte	0x1c3
 392 0349 02       		.uleb128 0x2
 393 034a 01       		.byte	0x1
 394 034b 08       		.byte	0x8
 395 034c 0F020000 		.4byte	.LASF42
 396 0350 07       		.uleb128 0x7
 397 0351 49030000 		.4byte	0x349
 398 0355 02       		.uleb128 0x2
 399 0356 01       		.byte	0x1
ARM GAS  C:\Users\denes\AppData\Local\Temp\ccpfszkx.s 			page 8


 400 0357 02       		.byte	0x2
 401 0358 E6000000 		.4byte	.LASF43
 402 035c 0A       		.uleb128 0xa
 403 035d C9010000 		.4byte	.LASF44
 404 0361 6D       		.byte	0x6d
 405 0362 70030000 		.4byte	0x370
 406 0366 0B       		.uleb128 0xb
 407 0367 6E00     		.ascii	"n\000"
 408 0369 6D       		.byte	0x6d
 409 036a 20       		.byte	0x20
 410 036b 94000000 		.4byte	0x94
 411 036f 00       		.byte	0
 412 0370 0A       		.uleb128 0xa
 413 0371 D0020000 		.4byte	.LASF45
 414 0375 5A       		.byte	0x5a
 415 0376 9A030000 		.4byte	0x39a
 416 037a 0C       		.uleb128 0xc
 417 037b 66020000 		.4byte	.LASF46
 418 037f 5A       		.byte	0x5a
 419 0380 2C       		.byte	0x2c
 420 0381 94000000 		.4byte	0x94
 421 0385 0C       		.uleb128 0xc
 422 0386 00000000 		.4byte	.LASF47
 423 038a 5A       		.byte	0x5a
 424 038b 3E       		.byte	0x3e
 425 038c 94000000 		.4byte	0x94
 426 0390 14       		.uleb128 0x14
 427 0391 35010000 		.4byte	.LASF52
 428 0395 AA030000 		.4byte	0x3aa
 429 0399 00       		.byte	0
 430 039a 03       		.uleb128 0x3
 431 039b 50030000 		.4byte	0x350
 432 039f AA030000 		.4byte	0x3aa
 433 03a3 04       		.uleb128 0x4
 434 03a4 25000000 		.4byte	0x25
 435 03a8 1C       		.byte	0x1c
 436 03a9 00       		.byte	0
 437 03aa 07       		.uleb128 0x7
 438 03ab 9A030000 		.4byte	0x39a
 439 03af 0A       		.uleb128 0xa
 440 03b0 EC000000 		.4byte	.LASF48
 441 03b4 4A       		.byte	0x4a
 442 03b5 C3030000 		.4byte	0x3c3
 443 03b9 0B       		.uleb128 0xb
 444 03ba 6E00     		.ascii	"n\000"
 445 03bc 4A       		.byte	0x4a
 446 03bd 21       		.byte	0x21
 447 03be 94000000 		.4byte	0x94
 448 03c2 00       		.byte	0
 449 03c3 15       		.uleb128 0x15
 450 03c4 B3010000 		.4byte	.LASF53
 451 03c8 04       		.byte	0x4
 452 03c9 39       		.byte	0x39
 453 03ca 06       		.byte	0x6
 454 03cb 0B       		.uleb128 0xb
 455 03cc 6E00     		.ascii	"n\000"
 456 03ce 39       		.byte	0x39
ARM GAS  C:\Users\denes\AppData\Local\Temp\ccpfszkx.s 			page 9


 457 03cf 20       		.byte	0x20
 458 03d0 94000000 		.4byte	0x94
 459 03d4 0C       		.uleb128 0xc
 460 03d5 00000000 		.4byte	.LASF47
 461 03d9 39       		.byte	0x39
 462 03da 2C       		.byte	0x2c
 463 03db 94000000 		.4byte	0x94
 464 03df 00       		.byte	0
 465 03e0 00       		.byte	0
 466              		.section	.gnu.debuglto_.debug_abbrev,"e",%progbits
 467              	.Ldebug_abbrev0:
 468 0000 01       		.uleb128 0x1
 469 0001 0D       		.uleb128 0xd
 470 0002 00       		.byte	0
 471 0003 03       		.uleb128 0x3
 472 0004 0E       		.uleb128 0xe
 473 0005 3A       		.uleb128 0x3a
 474 0006 21       		.uleb128 0x21
 475 0007 03       		.sleb128 3
 476 0008 3B       		.uleb128 0x3b
 477 0009 05       		.uleb128 0x5
 478 000a 39       		.uleb128 0x39
 479 000b 21       		.uleb128 0x21
 480 000c 12       		.sleb128 18
 481 000d 49       		.uleb128 0x49
 482 000e 13       		.uleb128 0x13
 483 000f 38       		.uleb128 0x38
 484 0010 0B       		.uleb128 0xb
 485 0011 00       		.byte	0
 486 0012 00       		.byte	0
 487 0013 02       		.uleb128 0x2
 488 0014 24       		.uleb128 0x24
 489 0015 00       		.byte	0
 490 0016 0B       		.uleb128 0xb
 491 0017 0B       		.uleb128 0xb
 492 0018 3E       		.uleb128 0x3e
 493 0019 0B       		.uleb128 0xb
 494 001a 03       		.uleb128 0x3
 495 001b 0E       		.uleb128 0xe
 496 001c 00       		.byte	0
 497 001d 00       		.byte	0
 498 001e 03       		.uleb128 0x3
 499 001f 01       		.uleb128 0x1
 500 0020 01       		.byte	0x1
 501 0021 49       		.uleb128 0x49
 502 0022 13       		.uleb128 0x13
 503 0023 01       		.uleb128 0x1
 504 0024 13       		.uleb128 0x13
 505 0025 00       		.byte	0
 506 0026 00       		.byte	0
 507 0027 04       		.uleb128 0x4
 508 0028 21       		.uleb128 0x21
 509 0029 00       		.byte	0
 510 002a 49       		.uleb128 0x49
 511 002b 13       		.uleb128 0x13
 512 002c 2F       		.uleb128 0x2f
 513 002d 0B       		.uleb128 0xb
ARM GAS  C:\Users\denes\AppData\Local\Temp\ccpfszkx.s 			page 10


 514 002e 00       		.byte	0
 515 002f 00       		.byte	0
 516 0030 05       		.uleb128 0x5
 517 0031 35       		.uleb128 0x35
 518 0032 00       		.byte	0
 519 0033 49       		.uleb128 0x49
 520 0034 13       		.uleb128 0x13
 521 0035 00       		.byte	0
 522 0036 00       		.byte	0
 523 0037 06       		.uleb128 0x6
 524 0038 0D       		.uleb128 0xd
 525 0039 00       		.byte	0
 526 003a 03       		.uleb128 0x3
 527 003b 0E       		.uleb128 0xe
 528 003c 3A       		.uleb128 0x3a
 529 003d 21       		.uleb128 0x21
 530 003e 03       		.sleb128 3
 531 003f 3B       		.uleb128 0x3b
 532 0040 05       		.uleb128 0x5
 533 0041 39       		.uleb128 0x39
 534 0042 21       		.uleb128 0x21
 535 0043 12       		.sleb128 18
 536 0044 49       		.uleb128 0x49
 537 0045 13       		.uleb128 0x13
 538 0046 38       		.uleb128 0x38
 539 0047 05       		.uleb128 0x5
 540 0048 00       		.byte	0
 541 0049 00       		.byte	0
 542 004a 07       		.uleb128 0x7
 543 004b 26       		.uleb128 0x26
 544 004c 00       		.byte	0
 545 004d 49       		.uleb128 0x49
 546 004e 13       		.uleb128 0x13
 547 004f 00       		.byte	0
 548 0050 00       		.byte	0
 549 0051 08       		.uleb128 0x8
 550 0052 0D       		.uleb128 0xd
 551 0053 00       		.byte	0
 552 0054 03       		.uleb128 0x3
 553 0055 08       		.uleb128 0x8
 554 0056 3A       		.uleb128 0x3a
 555 0057 21       		.uleb128 0x21
 556 0058 03       		.sleb128 3
 557 0059 3B       		.uleb128 0x3b
 558 005a 05       		.uleb128 0x5
 559 005b 39       		.uleb128 0x39
 560 005c 21       		.uleb128 0x21
 561 005d 12       		.sleb128 18
 562 005e 49       		.uleb128 0x49
 563 005f 13       		.uleb128 0x13
 564 0060 38       		.uleb128 0x38
 565 0061 0B       		.uleb128 0xb
 566 0062 00       		.byte	0
 567 0063 00       		.byte	0
 568 0064 09       		.uleb128 0x9
 569 0065 16       		.uleb128 0x16
 570 0066 00       		.byte	0
ARM GAS  C:\Users\denes\AppData\Local\Temp\ccpfszkx.s 			page 11


 571 0067 03       		.uleb128 0x3
 572 0068 0E       		.uleb128 0xe
 573 0069 3A       		.uleb128 0x3a
 574 006a 0B       		.uleb128 0xb
 575 006b 3B       		.uleb128 0x3b
 576 006c 0B       		.uleb128 0xb
 577 006d 39       		.uleb128 0x39
 578 006e 0B       		.uleb128 0xb
 579 006f 49       		.uleb128 0x49
 580 0070 13       		.uleb128 0x13
 581 0071 00       		.byte	0
 582 0072 00       		.byte	0
 583 0073 0A       		.uleb128 0xa
 584 0074 2E       		.uleb128 0x2e
 585 0075 01       		.byte	0x1
 586 0076 3F       		.uleb128 0x3f
 587 0077 19       		.uleb128 0x19
 588 0078 03       		.uleb128 0x3
 589 0079 0E       		.uleb128 0xe
 590 007a 3A       		.uleb128 0x3a
 591 007b 21       		.uleb128 0x21
 592 007c 04       		.sleb128 4
 593 007d 3B       		.uleb128 0x3b
 594 007e 0B       		.uleb128 0xb
 595 007f 39       		.uleb128 0x39
 596 0080 21       		.uleb128 0x21
 597 0081 06       		.sleb128 6
 598 0082 27       		.uleb128 0x27
 599 0083 19       		.uleb128 0x19
 600 0084 01       		.uleb128 0x1
 601 0085 13       		.uleb128 0x13
 602 0086 00       		.byte	0
 603 0087 00       		.byte	0
 604 0088 0B       		.uleb128 0xb
 605 0089 05       		.uleb128 0x5
 606 008a 00       		.byte	0
 607 008b 03       		.uleb128 0x3
 608 008c 08       		.uleb128 0x8
 609 008d 3A       		.uleb128 0x3a
 610 008e 21       		.uleb128 0x21
 611 008f 04       		.sleb128 4
 612 0090 3B       		.uleb128 0x3b
 613 0091 0B       		.uleb128 0xb
 614 0092 39       		.uleb128 0x39
 615 0093 0B       		.uleb128 0xb
 616 0094 49       		.uleb128 0x49
 617 0095 13       		.uleb128 0x13
 618 0096 00       		.byte	0
 619 0097 00       		.byte	0
 620 0098 0C       		.uleb128 0xc
 621 0099 05       		.uleb128 0x5
 622 009a 00       		.byte	0
 623 009b 03       		.uleb128 0x3
 624 009c 0E       		.uleb128 0xe
 625 009d 3A       		.uleb128 0x3a
 626 009e 21       		.uleb128 0x21
 627 009f 04       		.sleb128 4
ARM GAS  C:\Users\denes\AppData\Local\Temp\ccpfszkx.s 			page 12


 628 00a0 3B       		.uleb128 0x3b
 629 00a1 0B       		.uleb128 0xb
 630 00a2 39       		.uleb128 0x39
 631 00a3 0B       		.uleb128 0xb
 632 00a4 49       		.uleb128 0x49
 633 00a5 13       		.uleb128 0x13
 634 00a6 00       		.byte	0
 635 00a7 00       		.byte	0
 636 00a8 0D       		.uleb128 0xd
 637 00a9 16       		.uleb128 0x16
 638 00aa 00       		.byte	0
 639 00ab 03       		.uleb128 0x3
 640 00ac 0E       		.uleb128 0xe
 641 00ad 3A       		.uleb128 0x3a
 642 00ae 21       		.uleb128 0x21
 643 00af 03       		.sleb128 3
 644 00b0 3B       		.uleb128 0x3b
 645 00b1 05       		.uleb128 0x5
 646 00b2 39       		.uleb128 0x39
 647 00b3 0B       		.uleb128 0xb
 648 00b4 49       		.uleb128 0x49
 649 00b5 13       		.uleb128 0x13
 650 00b6 00       		.byte	0
 651 00b7 00       		.byte	0
 652 00b8 0E       		.uleb128 0xe
 653 00b9 11       		.uleb128 0x11
 654 00ba 01       		.byte	0x1
 655 00bb 25       		.uleb128 0x25
 656 00bc 0E       		.uleb128 0xe
 657 00bd 13       		.uleb128 0x13
 658 00be 0B       		.uleb128 0xb
 659 00bf 03       		.uleb128 0x3
 660 00c0 0E       		.uleb128 0xe
 661 00c1 1B       		.uleb128 0x1b
 662 00c2 0E       		.uleb128 0xe
 663 00c3 10       		.uleb128 0x10
 664 00c4 17       		.uleb128 0x17
 665 00c5 00       		.byte	0
 666 00c6 00       		.byte	0
 667 00c7 0F       		.uleb128 0xf
 668 00c8 24       		.uleb128 0x24
 669 00c9 00       		.byte	0
 670 00ca 0B       		.uleb128 0xb
 671 00cb 0B       		.uleb128 0xb
 672 00cc 3E       		.uleb128 0x3e
 673 00cd 0B       		.uleb128 0xb
 674 00ce 03       		.uleb128 0x3
 675 00cf 08       		.uleb128 0x8
 676 00d0 00       		.byte	0
 677 00d1 00       		.byte	0
 678 00d2 10       		.uleb128 0x10
 679 00d3 13       		.uleb128 0x13
 680 00d4 01       		.byte	0x1
 681 00d5 0B       		.uleb128 0xb
 682 00d6 05       		.uleb128 0x5
 683 00d7 3A       		.uleb128 0x3a
 684 00d8 0B       		.uleb128 0xb
ARM GAS  C:\Users\denes\AppData\Local\Temp\ccpfszkx.s 			page 13


 685 00d9 3B       		.uleb128 0x3b
 686 00da 05       		.uleb128 0x5
 687 00db 39       		.uleb128 0x39
 688 00dc 0B       		.uleb128 0xb
 689 00dd 01       		.uleb128 0x1
 690 00de 13       		.uleb128 0x13
 691 00df 00       		.byte	0
 692 00e0 00       		.byte	0
 693 00e1 11       		.uleb128 0x11
 694 00e2 0D       		.uleb128 0xd
 695 00e3 00       		.byte	0
 696 00e4 03       		.uleb128 0x3
 697 00e5 08       		.uleb128 0x8
 698 00e6 3A       		.uleb128 0x3a
 699 00e7 0B       		.uleb128 0xb
 700 00e8 3B       		.uleb128 0x3b
 701 00e9 05       		.uleb128 0x5
 702 00ea 39       		.uleb128 0x39
 703 00eb 0B       		.uleb128 0xb
 704 00ec 49       		.uleb128 0x49
 705 00ed 13       		.uleb128 0x13
 706 00ee 38       		.uleb128 0x38
 707 00ef 05       		.uleb128 0x5
 708 00f0 00       		.byte	0
 709 00f1 00       		.byte	0
 710 00f2 12       		.uleb128 0x12
 711 00f3 21       		.uleb128 0x21
 712 00f4 00       		.byte	0
 713 00f5 49       		.uleb128 0x49
 714 00f6 13       		.uleb128 0x13
 715 00f7 2F       		.uleb128 0x2f
 716 00f8 05       		.uleb128 0x5
 717 00f9 00       		.byte	0
 718 00fa 00       		.byte	0
 719 00fb 13       		.uleb128 0x13
 720 00fc 13       		.uleb128 0x13
 721 00fd 01       		.byte	0x1
 722 00fe 0B       		.uleb128 0xb
 723 00ff 0B       		.uleb128 0xb
 724 0100 3A       		.uleb128 0x3a
 725 0101 0B       		.uleb128 0xb
 726 0102 3B       		.uleb128 0x3b
 727 0103 05       		.uleb128 0x5
 728 0104 39       		.uleb128 0x39
 729 0105 0B       		.uleb128 0xb
 730 0106 01       		.uleb128 0x1
 731 0107 13       		.uleb128 0x13
 732 0108 00       		.byte	0
 733 0109 00       		.byte	0
 734 010a 14       		.uleb128 0x14
 735 010b 34       		.uleb128 0x34
 736 010c 00       		.byte	0
 737 010d 03       		.uleb128 0x3
 738 010e 0E       		.uleb128 0xe
 739 010f 49       		.uleb128 0x49
 740 0110 13       		.uleb128 0x13
 741 0111 34       		.uleb128 0x34
ARM GAS  C:\Users\denes\AppData\Local\Temp\ccpfszkx.s 			page 14


 742 0112 19       		.uleb128 0x19
 743 0113 00       		.byte	0
 744 0114 00       		.byte	0
 745 0115 15       		.uleb128 0x15
 746 0116 2E       		.uleb128 0x2e
 747 0117 01       		.byte	0x1
 748 0118 3F       		.uleb128 0x3f
 749 0119 19       		.uleb128 0x19
 750 011a 03       		.uleb128 0x3
 751 011b 0E       		.uleb128 0xe
 752 011c 3A       		.uleb128 0x3a
 753 011d 0B       		.uleb128 0xb
 754 011e 3B       		.uleb128 0x3b
 755 011f 0B       		.uleb128 0xb
 756 0120 39       		.uleb128 0x39
 757 0121 0B       		.uleb128 0xb
 758 0122 27       		.uleb128 0x27
 759 0123 19       		.uleb128 0x19
 760 0124 00       		.byte	0
 761 0125 00       		.byte	0
 762 0126 00       		.byte	0
 763              		.section	.gnu.debuglto_.debug_line,"e",%progbits
 764              	.Ldebug_line0:
 765 0000 51000000 		.4byte	.LELT0-.LSLT0
 766              	.LSLT0:
 767 0004 0500     		.2byte	0x5
 768 0006 04       		.byte	0x4
 769 0007 00       		.byte	0
 770 0008 49000000 		.4byte	.LELTP0-.LASLTP0
 771              	.LASLTP0:
 772 000c 01       		.byte	0x1
 773 000d 01       		.byte	0x1
 774 000e 01       		.byte	0x1
 775 000f F6       		.byte	0xf6
 776 0010 F2       		.byte	0xf2
 777 0011 0D       		.byte	0xd
 778 0012 00       		.byte	0
 779 0013 01       		.byte	0x1
 780 0014 01       		.byte	0x1
 781 0015 01       		.byte	0x1
 782 0016 01       		.byte	0x1
 783 0017 00       		.byte	0
 784 0018 00       		.byte	0
 785 0019 00       		.byte	0
 786 001a 01       		.byte	0x1
 787 001b 00       		.byte	0
 788 001c 00       		.byte	0
 789 001d 01       		.byte	0x1
 790 001e 01       		.byte	0x1
 791 001f 01       		.uleb128 0x1
 792 0020 1F       		.uleb128 0x1f
 793 0021 05       		.uleb128 0x5
 794 0022 00000000 		.4byte	.LASF54
 795 0026 45000000 		.4byte	.LASF55
 796 002a 02010000 		.4byte	.LASF56
 797 002e 9F000000 		.4byte	.LASF57
 798 0032 7C000000 		.4byte	.LASF58
ARM GAS  C:\Users\denes\AppData\Local\Temp\ccpfszkx.s 			page 15


 799 0036 02       		.byte	0x2
 800 0037 01       		.uleb128 0x1
 801 0038 1F       		.uleb128 0x1f
 802 0039 02       		.uleb128 0x2
 803 003a 0B       		.uleb128 0xb
 804 003b 05       		.uleb128 0x5
 805 003c D6000000 		.4byte	.LASF59
 806 0040 00       		.byte	0
 807 0041 34000000 		.4byte	.LASF60
 808 0045 01       		.byte	0x1
 809 0046 CC000000 		.4byte	.LASF61
 810 004a 02       		.byte	0x2
 811 004b 29000000 		.4byte	.LASF62
 812 004f 03       		.byte	0x3
 813 0050 75000000 		.4byte	.LASF63
 814 0054 04       		.byte	0x4
 815              	.LELTP0:
 816              	.LELT0:
 817              		.section	.gnu.debuglto_.debug_str,"eMS",%progbits,1
 818              	.LASF47:
 819 0000 7072696F 		.ascii	"prio\000"
 819      00
 820              	.LASF20:
 821 0005 49435052 		.ascii	"ICPR\000"
 821      00
 822              	.LASF8:
 823 000a 5F5F7569 		.ascii	"__uint8_t\000"
 823      6E74385F 
 823      7400
 824              	.LASF38:
 825 0014 4D4D4652 		.ascii	"MMFR\000"
 825      00
 826              	.LASF49:
 827 0019 474E5520 		.ascii	"GNU C17 13.3.0 -mcpu=cortex-m3 -mthumb -mfloat-abi="
 827      43313720 
 827      31332E33 
 827      2E30202D 
 827      6D637075 
 828 004c 736F6674 		.ascii	"soft -march=armv7-m -ggdb -O2 -fomit-frame-pointer "
 828      202D6D61 
 828      7263683D 
 828      61726D76 
 828      372D6D20 
 829 007f 2D66616C 		.ascii	"-falign-functions=16 -fsingle-precision-constant -f"
 829      69676E2D 
 829      66756E63 
 829      74696F6E 
 829      733D3136 
 830 00b2 66756E63 		.ascii	"function-sections -fdata-sections -fno-common -flto"
 830      74696F6E 
 830      2D736563 
 830      74696F6E 
 830      73202D66 
 831 00e5 00       		.ascii	"\000"
 832              	.LASF43:
 833 00e6 5F426F6F 		.ascii	"_Bool\000"
 833      6C00
ARM GAS  C:\Users\denes\AppData\Local\Temp\ccpfszkx.s 			page 16


 834              	.LASF48:
 835 00ec 6E766963 		.ascii	"nvicDisableVector\000"
 835      44697361 
 835      626C6556 
 835      6563746F 
 835      7200
 836              	.LASF29:
 837 00fe 56544F52 		.ascii	"VTOR\000"
 837      00
 838              	.LASF5:
 839 0103 73686F72 		.ascii	"short int\000"
 839      7420696E 
 839      7400
 840              	.LASF15:
 841 010d 52455345 		.ascii	"RESERVED0\000"
 841      52564544 
 841      3000
 842              	.LASF21:
 843 0117 52455345 		.ascii	"RESERVED3\000"
 843      52564544 
 843      3300
 844              	.LASF23:
 845 0121 52455345 		.ascii	"RESERVED4\000"
 845      52564544 
 845      3400
 846              	.LASF24:
 847 012b 52455345 		.ascii	"RESERVED5\000"
 847      52564544 
 847      3500
 848              	.LASF52:
 849 0135 5F5F6675 		.ascii	"__func__\000"
 849      6E635F5F 
 849      00
 850              	.LASF11:
 851 013e 6C6F6E67 		.ascii	"long long unsigned int\000"
 851      206C6F6E 
 851      6720756E 
 851      7369676E 
 851      65642069 
 852              	.LASF4:
 853 0155 756E7369 		.ascii	"unsigned char\000"
 853      676E6564 
 853      20636861 
 853      7200
 854              	.LASF26:
 855 0163 4E564943 		.ascii	"NVIC_Type\000"
 855      5F547970 
 855      6500
 856              	.LASF25:
 857 016d 53544952 		.ascii	"STIR\000"
 857      00
 858              	.LASF6:
 859 0172 73686F72 		.ascii	"short unsigned int\000"
 859      7420756E 
 859      7369676E 
 859      65642069 
 859      6E7400
ARM GAS  C:\Users\denes\AppData\Local\Temp\ccpfszkx.s 			page 17


 860              	.LASF32:
 861 0185 43465352 		.ascii	"CFSR\000"
 861      00
 862              	.LASF51:
 863 018a 433A5C55 		.ascii	"C:\\Users\\denes\\Desktop\\canboard\\firmware\000"
 863      73657273 
 863      5C64656E 
 863      65735C44 
 863      65736B74 
 864              	.LASF53:
 865 01b3 6E766963 		.ascii	"nvicEnableVector\000"
 865      456E6162 
 865      6C655665 
 865      63746F72 
 865      00
 866              	.LASF33:
 867 01c4 48465352 		.ascii	"HFSR\000"
 867      00
 868              	.LASF44:
 869 01c9 6E766963 		.ascii	"nvicClearPending\000"
 869      436C6561 
 869      7250656E 
 869      64696E67 
 869      00
 870              	.LASF9:
 871 01da 5F5F7569 		.ascii	"__uint32_t\000"
 871      6E743332 
 871      5F7400
 872              	.LASF16:
 873 01e5 49434552 		.ascii	"ICER\000"
 873      00
 874              	.LASF39:
 875 01ea 49534152 		.ascii	"ISAR\000"
 875      00
 876              	.LASF41:
 877 01ef 5343425F 		.ascii	"SCB_Type\000"
 877      54797065 
 877      00
 878              	.LASF0:
 879 01f8 756E7369 		.ascii	"unsigned int\000"
 879      676E6564 
 879      20696E74 
 879      00
 880              	.LASF18:
 881 0205 49535052 		.ascii	"ISPR\000"
 881      00
 882              	.LASF34:
 883 020a 44465352 		.ascii	"DFSR\000"
 883      00
 884              	.LASF42:
 885 020f 63686172 		.ascii	"char\000"
 885      00
 886              	.LASF28:
 887 0214 49435352 		.ascii	"ICSR\000"
 887      00
 888              	.LASF50:
 889 0219 2E2F4368 		.ascii	"./ChibiOS/os/hal/ports/common/ARMCMx/nvic.c\000"
ARM GAS  C:\Users\denes\AppData\Local\Temp\ccpfszkx.s 			page 18


 889      6962694F 
 889      532F6F73 
 889      2F68616C 
 889      2F706F72 
 890              	.LASF30:
 891 0245 41495243 		.ascii	"AIRCR\000"
 891      5200
 892              	.LASF10:
 893 024b 6C6F6E67 		.ascii	"long unsigned int\000"
 893      20756E73 
 893      69676E65 
 893      6420696E 
 893      7400
 894              	.LASF17:
 895 025d 52534552 		.ascii	"RSERVED1\000"
 895      56454431 
 895      00
 896              	.LASF46:
 897 0266 68616E64 		.ascii	"handler\000"
 897      6C657200 
 898              	.LASF12:
 899 026e 75696E74 		.ascii	"uint8_t\000"
 899      385F7400 
 900              	.LASF1:
 901 0276 6C6F6E67 		.ascii	"long long int\000"
 901      206C6F6E 
 901      6720696E 
 901      7400
 902              	.LASF27:
 903 0284 43505549 		.ascii	"CPUID\000"
 903      4400
 904              	.LASF40:
 905 028a 43504143 		.ascii	"CPACR\000"
 905      5200
 906              	.LASF14:
 907 0290 49534552 		.ascii	"ISER\000"
 907      00
 908              	.LASF37:
 909 0295 41465352 		.ascii	"AFSR\000"
 909      00
 910              	.LASF35:
 911 029a 4D4D4641 		.ascii	"MMFAR\000"
 911      5200
 912              	.LASF31:
 913 02a0 53484353 		.ascii	"SHCSR\000"
 913      5200
 914              	.LASF13:
 915 02a6 75696E74 		.ascii	"uint32_t\000"
 915      33325F74 
 915      00
 916              	.LASF7:
 917 02af 6C6F6E67 		.ascii	"long int\000"
 917      20696E74 
 917      00
 918              	.LASF2:
 919 02b8 6C6F6E67 		.ascii	"long double\000"
 919      20646F75 
ARM GAS  C:\Users\denes\AppData\Local\Temp\ccpfszkx.s 			page 19


 919      626C6500 
 920              	.LASF3:
 921 02c4 7369676E 		.ascii	"signed char\000"
 921      65642063 
 921      68617200 
 922              	.LASF45:
 923 02d0 6E766963 		.ascii	"nvicSetSystemHandlerPriority\000"
 923      53657453 
 923      79737465 
 923      6D48616E 
 923      646C6572 
 924              	.LASF22:
 925 02ed 49414252 		.ascii	"IABR\000"
 925      00
 926              	.LASF36:
 927 02f2 42464152 		.ascii	"BFAR\000"
 927      00
 928              	.LASF19:
 929 02f7 52455345 		.ascii	"RESERVED2\000"
 929      52564544 
 929      3200
 930              		.section	.gnu.debuglto_.debug_line_str,"eMS",%progbits,1
 931              	.LASF54:
 932 0000 433A5C55 		.ascii	"C:\\Users\\denes\\Desktop\\canboard\\firmware\000"
 932      73657273 
 932      5C64656E 
 932      65735C44 
 932      65736B74 
 933              	.LASF62:
 934 0029 636F7265 		.ascii	"core_cm3.h\000"
 934      5F636D33 
 934      2E6800
 935              	.LASF60:
 936 0034 5F646566 		.ascii	"_default_types.h\000"
 936      61756C74 
 936      5F747970 
 936      65732E68 
 936      00
 937              	.LASF55:
 938 0045 433A2F6D 		.ascii	"C:/msys64/mingw64/arm-none-eabi/include/machine\000"
 938      73797336 
 938      342F6D69 
 938      6E677736 
 938      342F6172 
 939              	.LASF63:
 940 0075 6E766963 		.ascii	"nvic.c\000"
 940      2E6300
 941              	.LASF58:
 942 007c 43686962 		.ascii	"ChibiOS/os/hal/ports/common/ARMCMx\000"
 942      694F532F 
 942      6F732F68 
 942      616C2F70 
 942      6F727473 
 943              	.LASF57:
 944 009f 43686962 		.ascii	"ChibiOS/os/common/ext/ARM/CMSIS/Core/Include\000"
 944      694F532F 
 944      6F732F63 
ARM GAS  C:\Users\denes\AppData\Local\Temp\ccpfszkx.s 			page 20


 944      6F6D6D6F 
 944      6E2F6578 
 945              	.LASF61:
 946 00cc 5F737464 		.ascii	"_stdint.h\000"
 946      696E742E 
 946      6800
 947              	.LASF59:
 948 00d6 2E2F4368 		.ascii	"./ChibiOS/os/hal/ports/common/ARMCMx/nvic.c\000"
 948      6962694F 
 948      532F6F73 
 948      2F68616C 
 948      2F706F72 
 949              	.LASF56:
 950 0102 433A2F6D 		.ascii	"C:/msys64/mingw64/arm-none-eabi/include/sys\000"
 950      73797336 
 950      342F6D69 
 950      6E677736 
 950      342F6172 
 951              		.text
 952              		.section	.gnu.lto_.profile.63e647ec,"e",%progbits
 953 0000 28B52FFD 		.ascii	"(\265/\375 \0061\000\000\002\000\000\000\000\000"
 953      20063100 
 953      00020000 
 953      000000
 954              		.text
 955              		.section	.gnu.lto_.icf.63e647ec,"e",%progbits
 956 0000 28B52FFD 		.ascii	"(\265/\375 F\325\001\000\324\002:\000\004\000\355\376"
 956      2046D501 
 956      00D4023A 
 956      000400ED 
 956      FE
 957 0011 8FEE0406 		.ascii	"\217\356\004\006\002\000\002\001\002\002\001\366\304"
 957      02000201 
 957      020201F6 
 957      C4
 958 001e E2E70A04 		.ascii	"\342\347\012\004\373\204\277\235\015\002\002\000\002"
 958      FB84BF9D 
 958      0D020200 
 958      02
 959 002b 0303CC98 		.ascii	"\003\003\314\230\334\377\010\002\002\002\002\001\000"
 959      DCFF0802 
 959      02020201 
 959      00
 960 0038 04003A05 		.ascii	"\004\000:\005\270\004c7\324\006\260"
 960      B8046337 
 960      D406B0
 961              		.text
 962              		.section	.gnu.lto_.ipa_sra.63e647ec,"e",%progbits
 963 0000 28B52FFD 		.ascii	"(\265/\375 2\375\000\000\230&\000\004\000\002\000\001"
 963      2032FD00 
 963      00982600 
 963      04000200 
 963      01
 964 0011 01010102 		.ascii	"\001\001\001\002\003\001\000\000\000\000\001\000\004"
 964      03010000 
 964      00000100 
 964      04
ARM GAS  C:\Users\denes\AppData\Local\Temp\ccpfszkx.s 			page 21


 965 001e 003517B3 		.ascii	"\0005\027\263\330\0012\331\000\026"
 965      D80132D9 
 965      0016
 966              		.text
 967              		.section	.gnu.lto_.inline.63e647ec,"e",%progbits
 968 0000 28B52FFD 		.ascii	"(\265/\375`\004\000\315\003\000\362D\017\030\260%\351"
 968      600400CD 
 968      0300F244 
 968      0F18B025 
 968      E9
 969 0011 0CC30C06 		.ascii	"\014\303\014\006\260T`\012lD\015\3030U\254%\266\357"
 969      B054600A 
 969      6C440DC3 
 969      3055AC25 
 969      B6EF
 970 0023 9D760A8E 		.ascii	"\235v\012\216\\hH\344\311\227\213\265\\\\4\0161a[\300"
 970      5C6848E4 
 970      C9978BB5 
 970      5C5C340E 
 970      31615BC0 
 971 0037 61218125 		.ascii	"a!\201%y\367a\035\000U\317\354\020\264m\003-\013\001"
 971      79F7611D 
 971      0055CFEC 
 971      10B46D03 
 971      2D0B01
 972 004a 19007E20 		.ascii	"\031\000~ I*\000p\007\227\371a-\011\301\201i \020\240"
 972      492A0070 
 972      0797F961 
 972      2D09C181 
 972      692010A0 
 973 005e 1058E687 		.ascii	"\020X\346\207;.\332\351a=\251\325\2000`M\010nV%\271"
 973      3B2EDAE9 
 973      613DA9D5 
 973      8030604D 
 973      086E5625 
 974 0073 25CACD30 		.ascii	"%\312\3150,7x6T\301\260\247]\033\300\002"
 974      2C377836 
 974      54C1B0A7 
 974      5D1BC002 
 975              		.text
 976              		.section	.gnu.lto_.jmpfuncs.63e647ec,"e",%progbits
 977 0000 28B52FFD 		.ascii	"(\265/\375 25\001\000\360&\000\004\000\002\001\001\017"
 977      20323501 
 977      00F02600 
 977      04000201 
 977      010F
 978 0012 7F02047F 		.ascii	"\177\002\004\177\002\004\001\001\001\003\177\002\004"
 978      02040101 
 978      01037F02 
 978      04
 979 001f 02030101 		.ascii	"\002\003\001\001\003\177\002\004\000\002\000jn\266\001"
 979      037F0204 
 979      0002006A 
 979      6EB601
 980 002e 2C       		.ascii	","
 981              		.text
 982              		.section	.gnu.lto_.pureconst.63e647ec,"e",%progbits
ARM GAS  C:\Users\denes\AppData\Local\Temp\ccpfszkx.s 			page 22


 983 0000 28B52FFD 		.ascii	"(\265/\375 \021\211\000\000\015\000\000\000\004\000"
 983      20118900 
 983      000D0000 
 983      000400
 984 000f 9A04019A 		.ascii	"\232\004\001\232\004\002\232\004\003\232\004"
 984      04029A04 
 984      039A04
 985              		.text
 986              		.section	.gnu.lto_.ipa_modref.63e647ec,"e",%progbits
 987 0000 28B52FFD 		.ascii	"(\265/\375 M}\001\000\350A\000\004\000\001\002\005\001"
 987      204D7D01 
 987      00E84100 
 987      04000102 
 987      0501
 988 0012 00000601 		.ascii	"\000\000\006\001\000\002\002\274\006\006\003\005\000"
 988      000202BC 
 988      06060305 
 988      00
 989 001f 01020701 		.ascii	"\001\002\007\001\000\000\006\000\007\0001I@\2704\011"
 989      00000600 
 989      07003149 
 989      40B83409 
 990 002f C54C00DA 		.ascii	"\305L\000\332\001\030o\000\013"
 990      01186F00 
 990      0B
 991              		.text
 992              		.section	.gnu.lto_.lto.63e647ec,"e",%progbits
 993 0000 0D000100 		.ascii	"\015\000\001\000\001\000\001\000"
 993      01000100 
 994              		.text
 995              		.section	.gnu.lto_nvicEnableVector.290.63e647ec,"e",%progbits
 996 0000 28B52FFD 		.ascii	"(\265/\375`}\001\375\016\000\266\233eG\340\2626\035"
 996      607D01FD 
 996      0E00B69B 
 996      6547E0B2 
 996      361D
 997 0012 53C54ACB 		.ascii	"S\305J\3131\276\007\214>WO\226{\256rc\016\341\345w\202"
 997      31BE078C 
 997      3E574F96 
 997      7BAE7263 
 997      0EE1E577 
 998 0027 3172DDD2 		.ascii	"1r\335\322\246\017Z\370P\347J\002\021:\243Z\254\340"
 998      A60F5AF8 
 998      50E74A02 
 998      113AA35A 
 998      ACE0
 999 0039 93DAEF02 		.ascii	"\223\332\357\002\236\245\030\302\262\200#\235XS\023"
 999      9EA518C2 
 999      B280239D 
 999      585313
 1000 0048 2403A18A 		.ascii	"$\003\241\212\331\214`\"\264\211\334)\005N\000J\000"
 1000      D98C6022 
 1000      B489DC29 
 1000      054E004A 
 1000      00
 1001 0059 54003530 		.ascii	"T\00050P\266O\015\347\303\245\375\030\227q:\015\011"
 1001      50B64F0D 
ARM GAS  C:\Users\denes\AppData\Local\Temp\ccpfszkx.s 			page 23


 1001      E7C3A5FD 
 1001      1897713A 
 1001      0D09
 1002 006b 1BD80D72 		.ascii	"\033\330\015r\002\307\256\013\202=l\237\013\216 \373"
 1002      02C7AE0B 
 1002      823D6C9F 
 1002      0B8E20FB 
 1003 007b C47E20FB 		.ascii	"\304~ \373\364\311\376q\027k\247\216\013\023;\273\313"
 1003      F4C9FE71 
 1003      176BA78E 
 1003      0B133BBB 
 1003      CB
 1004 008c E9CC4F97 		.ascii	"\351\314O\227'\3773^`\365\302r\251]\330]\313\325\013"
 1004      27FF335E 
 1004      60F5C272 
 1004      A95DD85D 
 1004      CBD50B
 1005 009f 8A5B6F9B 		.ascii	"\212[o\233\201m\223\375\036\001\2122v\363\310\256R\237"
 1005      816D93FD 
 1005      1E018A32 
 1005      76F3C8AE 
 1005      529F
 1006 00b1 E24129CA 		.ascii	"\342A)\312\231^g\012UO\213\242,\"\304\307\312!v\261"
 1006      995E670A 
 1006      554F8BA2 
 1006      2C22C4C7 
 1006      CA2176B1 
 1007 00c5 4865E163 		.ascii	"He\341c\273\273\326\226}\232\177{\315\237a\322S\245"
 1007      BBBBD696 
 1007      7D9A7F7B 
 1007      CD9F61D2 
 1007      53A5
 1008 00d7 31955629 		.ascii	"1\225V)-\245\364\005H\230\035Wq\263\273b\310\316\346"
 1008      2DA5F405 
 1008      48981D57 
 1008      71B3BB62 
 1008      C8CEE6
 1009 00ea CC1C2F6C 		.ascii	"\314\034/l?\200\255\351\010\327\226\357\322\"\247EU"
 1009      3F80ADE9 
 1009      08D796EF 
 1009      D222A745 
 1009      55
 1010 00fb 37BCDB68 		.ascii	"7\274\333h\315\225\343\200H\360\375\346d\352\247j6)"
 1010      CD95E380 
 1010      48F0FDE6 
 1010      64EAA76A 
 1010      3629
 1011 010d 9EB929A6 		.ascii	"\236\271)\246\263D\252G\301\033d\233\252\002\220Q\301"
 1011      B344AA47 
 1011      C11B649B 
 1011      AA029051 
 1011      C1
 1012 011e A88B8C54 		.ascii	"\250\213\214T\333\340mJ\"\254\335\030\012v\370\032!"
 1012      DBE06D4A 
 1012      22ACDD18 
 1012      0A76F81A 
 1012      21
ARM GAS  C:\Users\denes\AppData\Local\Temp\ccpfszkx.s 			page 24


 1013 012f B6DD1809 		.ascii	"\266\335\030\011\257\323\0305\326\314\347\200E\275\366"
 1013      AFD31835 
 1013      D6CCE780 
 1013      45BDF6
 1014 013e 2A57C93E 		.ascii	"*W\311>\025\310J\347\025\341'\2320\223H\023D\021F*\214"
 1014      15C84AE7 
 1014      15E1279A 
 1014      30934813 
 1014      4411462A 
 1015 0153 7C0880F7 		.ascii	"|\010\200\367\3503\372V@n\004\011\210d\003\006\016\014"
 1015      E833FA56 
 1015      406E0409 
 1015      88640306 
 1015      0E0C
 1016 0165 4BA570C4 		.ascii	"K\245p\304\215)bh\342PB&\334\030r\0344|\242\317\004"
 1016      8D296268 
 1016      E2504226 
 1016      DC18721C 
 1016      347CA2CF 
 1017 017a C47D1ED8 		.ascii	"\304}\036\330\023C\"J\342G\352J\304P(\002C\243\316\024"
 1017      1343224A 
 1017      E247EA4A 
 1017      C4502802 
 1017      43A3CE14 
 1018 018e A69C8C5E 		.ascii	"\246\234\214^\206n\364@\257\244\033Eo\354\320Y\0009"
 1018      866EF440 
 1018      AFA41B45 
 1018      6FECD059 
 1018      0039
 1019 01a0 B0EDDA1D 		.ascii	"\260\355\332\035\000_k\304\2245\003\027\030\020\006"
 1019      005F6BC4 
 1019      94350317 
 1019      181006
 1020 01af 0AF78A0D 		.ascii	"\012\367\212\015\034\003-\300\322\340\022\034z\000\023"
 1020      1C032DC0 
 1020      D2E0121C 
 1020      7A0013
 1021 01be A1AAC032 		.ascii	"\241\252\3002\243h\342\2768\370L$\017c\230\342\033<"
 1021      A368E2BE 
 1021      38F84C24 
 1021      0F6398E2 
 1021      1B3C
 1022 01d0 0609C8BA 		.ascii	"\006\011\310\272D\237\005\2415N\026\306\003F\300\270"
 1022      449F05A1 
 1022      354E16C6 
 1022      0346C0B8 
 1023 01e0 176ACAB8 		.ascii	"\027j\312\270\303\213v\222\001"
 1023      C38B7692 
 1023      01
 1024              		.text
 1025              		.section	.gnu.lto_nvicDisableVector.291.63e647ec,"e",%progbits
 1026 0000 28B52FFD 		.ascii	"(\265/\375`\367\000=\015\000V\031^E\000u\223\016\031"
 1026      60F7003D 
 1026      0D005619 
 1026      5E450075 
 1026      930E19
 1027 0013 C833B0BF 		.ascii	"\3103\260\277>\353\263\226\225\263\001z\023C=&\310\361"
ARM GAS  C:\Users\denes\AppData\Local\Temp\ccpfszkx.s 			page 25


 1027      3EEBB396 
 1027      95B3017A 
 1027      13433D26 
 1027      C8F1
 1028 0025 73C17C10 		.ascii	"s\301|\020\315\220Ok\024\353\241g\037\032\210\350M\300"
 1028      CD904F6B 
 1028      14EBA167 
 1028      1F1A88E8 
 1028      4DC0
 1029 0037 D1842DBD 		.ascii	"\321\204-\275<\353\205Qc\210\226\364Q\263\177\343\323"
 1029      3CEB8551 
 1029      638896F4 
 1029      51B37FE3 
 1029      D3
 1030 0048 31086A46 		.ascii	"1\010jF\320\022\262\211\334)\005F\000I\000I\000\217"
 1030      D012B289 
 1030      DC290546 
 1030      00490049 
 1030      008F
 1031 005a F66DFC86 		.ascii	"\366m\374\206\3513'\\`\367HL\217]\326\003{\340\\*\370"
 1031      E933275C 
 1031      60F7484C 
 1031      8F5DD603 
 1031      7BE05C2A 
 1032 006f 01ECF2BA 		.ascii	"\001\354\362\272\001\354\322&[\310Y\252\315@C\206\012"
 1032      01ECD226 
 1032      5BC859AA 
 1032      CD404386 
 1032      0A
 1033 0080 9BDD9D2A 		.ascii	"\233\335\235*s\323\243\311?\216\023@\301\260<f\026v"
 1033      73D3A3C9 
 1033      3F8E1340 
 1033      C1B03C66 
 1033      1676
 1034 0092 D7110513 		.ascii	"\327\021\005\023s\353m/\260=\262\017\"\031M\013\022"
 1034      73EB6D2F 
 1034      B03DB20F 
 1034      22194D0B 
 1034      12
 1035 00a3 7903C12E 		.ascii	"y\003\301.\215*S\264$\351\234\001v\351\025\000\014\227"
 1035      8D2A53B4 
 1035      24E99C01 
 1035      76E91500 
 1035      0C97
 1036 00b5 16273D59 		.ascii	"\026'=YW\014\011\262\361\306,\226\2501\374kw\327\272"
 1036      570C09B2 
 1036      F1C62C96 
 1036      A831FC6B 
 1036      77D7BA
 1037 00c8 B23FF35F 		.ascii	"\262?\363_\032\2551:\306\350s\242\213\037g\201\332}"
 1037      1AAD313A 
 1037      C6E873A2 
 1037      8B1F6781 
 1037      DA7D
 1038 00da 7163B335 		.ascii	"qc\2635\322\307\014\333\017`g5>\004\015l\263\366\327"
 1038      D2C70CDB 
 1038      0F606735 
ARM GAS  C:\Users\denes\AppData\Local\Temp\ccpfszkx.s 			page 26


 1038      3E040D6C 
 1038      B3F6D7
 1039 00ed EACA7F59 		.ascii	"\352\312\177Y\325\240P\027\373!0\333+\347\321!\030}"
 1039      D5A05017 
 1039      FB2130DB 
 1039      2BE7D121 
 1039      187D
 1040 00ff 07A9A32A 		.ascii	"\007\251\243*\322zI\251\3326q\232/\201j75\301\036q\035"
 1040      D27A49A9 
 1040      DA36719A 
 1040      2F816A37 
 1040      35C11E71 
 1041 0114 21673715 		.ascii	"!g7\025\241\365\034$2\225\314\245\200=\265\366\245\227"
 1041      A1F51C24 
 1041      3295CCA5 
 1041      803DB5F6 
 1041      A597
 1042 0126 B04B6904 		.ascii	"\260Ki\004E\244\245'_\257\032\026\211$\200 \224P(\361"
 1042      45A4A527 
 1042      5FAF1A16 
 1042      89248020 
 1042      945028F1 
 1043 013a 0CF0EE90 		.ascii	"\014\360\356\220'\324\255x\263\204\311\307d\303\205"
 1043      27D4AD78 
 1043      B384C9C7 
 1043      64C385
 1044 0149 E97D24D2 		.ascii	"\351}$\322\027\232\241\012\370\245L\021\033\312\014"
 1044      179AA10A 
 1044      F8A54C11 
 1044      1BCA0C
 1045 0158 BFC94143 		.ascii	"\277\311AC\007\352P>\323\343\300\034\270\225H`'\322"
 1045      07EA503E 
 1045      D3E3C01C 
 1045      B8954860 
 1045      27D2
 1046 016a 4EC0ED03 		.ascii	"N\300\355\003y[HK\371TF!\207A\0139\217;\321B\220\013"
 1046      795B484B 
 1046      F9544621 
 1046      87410B39 
 1046      8F3BD142 
 1047 0180 3B68153E 		.ascii	";h\025>\001\021\000bk\242\035\002\307\005\0062\322\225"
 1047      01110062 
 1047      6BA21D02 
 1047      C7050632 
 1047      D295
 1048 0192 12082CC0 		.ascii	"\022\010,\300\334\3401\370~\353x\306\226L+h\332w\246"
 1048      DCE031F8 
 1048      7EEB78C6 
 1048      964C2B68 
 1048      DA77A6
 1049 01a5 1DD532B6 		.ascii	"\035\3252\266\265\032=\356\360\242\235d"
 1049      B51A3DEE 
 1049      F0A29D64 
 1050              		.text
 1051              		.section	.gnu.lto_nvicSetSystemHandlerPriority.292.63e647ec,"e",%progbits
 1052 0000 28B52FFD 		.ascii	"(\265/\375`\342\000\375\014\000\346\330\\E\360\2226"
 1052      60E200FD 
ARM GAS  C:\Users\denes\AppData\Local\Temp\ccpfszkx.s 			page 27


 1052      0C00E6D8 
 1052      5C45F092 
 1052      36
 1053 0011 1D529046 		.ascii	"\035R\220Fc\211OS\314u\260A\0361\221j\325y\032\270S"
 1053      63894F53 
 1053      CC75B041 
 1053      1E31916A 
 1053      D5791AB8 
 1054 0026 D5B0389B 		.ascii	"\325\2608\233\363\2043c\030\225V\300\327lT-h\363\375"
 1054      F3843363 
 1054      189556C0 
 1054      D76C542D 
 1054      68F3FD
 1055 0039 F60B5043 		.ascii	"\366\013PCo\307\252\224\326\212\375\332\026t\272\371"
 1055      6FC7AA94 
 1055      D68AFDDA 
 1055      1674BAF9 
 1056 0049 1C908790 		.ascii	"\034\220\207\220?\351M\344N)E\000G\000I\000\366]\374"
 1056      3FE94DE4 
 1056      4E294500 
 1056      47004900 
 1056      F65DFC
 1057 005c 05EA3221 		.ascii	"\005\3522!,`\367G\013\032\273\253\005\336\320\271<p"
 1057      2C60F747 
 1057      0B1ABBAB 
 1057      05DED0B9 
 1057      3C70
 1058 006e 02D7A5F5 		.ascii	"\002\327\245\365\001\327\245Q\266\216\257Tk\241\207"
 1058      01D7A551 
 1058      B68EAF54 
 1058      6BA187
 1059 007d 0A1237BB 		.ascii	"\012\0227\273;\025\346\250G\224\177\030\017\220jIy\304"
 1059      3B15E6A8 
 1059      47947F18 
 1059      0F906A49 
 1059      79C4
 1060 008f 26ECAE63 		.ascii	"&\354\256c\252\305\304\255\267=b\373\304\276\204\241"
 1060      AAC5C4AD 
 1060      B73D62FB 
 1060      C4BE84A1 
 1061 009f 55AFD2C7 		.ascii	"U\257\322\307J\020\025\015-\302\302\246\000\012\004"
 1061      4A10150D 
 1061      2DC2C2A6 
 1061      000A04
 1062 00ae 5A6287CD 		.ascii	"Zb\207\315\306\034\257R\242\246\360\255\335]\353\213"
 1062      C61CAF52 
 1062      A2A6F0AD 
 1062      DD5DEB8B 
 1063 00be 7D995F7E 		.ascii	"}\231_~\346\327\030\035c\364\261\263\304\344\030I\355"
 1063      E6D7181D 
 1063      63F4B1B3 
 1063      C4E41849 
 1063      ED
 1064 00cf 9EC8B9D9 		.ascii	"\236\310\271\331\032Yc\205\355\207\330\230\210\031\234"
 1064      1A596385 
 1064      ED87D898 
 1064      88199C
ARM GAS  C:\Users\denes\AppData\Local\Temp\ccpfszkx.s 			page 28


 1065 00de AF737901 		.ascii	"\257sy\001\321\036\003\335&\312\300o\0035d\021>\011"
 1065      D11E03DD 
 1065      26CAC06F 
 1065      03356411 
 1065      3E09
 1066 00f0 6CAFF6D6 		.ascii	"l\257\366\326\352\213\317\022S\243\242+\216j\373\364"
 1066      EA8BCF12 
 1066      53A3A22B 
 1066      8E6AFBF4 
 1067 0100 191D0CA8 		.ascii	"\031\035\014\250v]\036\330\340ex\350\354\2724\240y\014"
 1067      765D1ED8 
 1067      E06578E8 
 1067      ECBA34A0 
 1067      790C
 1068 0112 944B0573 		.ascii	"\224K\005s)\262\341\215\365A\\\227\322F\212\007\215"
 1068      29B2E18D 
 1068      F5415C97 
 1068      D2468A07 
 1068      8D
 1069 0123 86B66E1C 		.ascii	"\206\266n\034\3275\352G\340\204\032\036\367\231,\217"
 1069      D735EA47 
 1069      E0841A1E 
 1069      F7992C8F 
 1070 0133 460E400C 		.ascii	"F\016@\014H \220x\000|\233\211\250\323H\230C\236\020"
 1070      48209078 
 1070      007C9B89 
 1070      A8D34898 
 1070      439E10
 1071 0146 77D2CD0F 		.ascii	"w\322\315\017%\237\022\014\024f\347\225J^h\202\247\317"
 1071      259F120C 
 1071      1466E795 
 1071      4A5E6882 
 1071      A7CF
 1072 0158 334D138D 		.ascii	"3M\023\2154Aof\270\300\2018\322gz\024x\3734\224\322"
 1072      34416F66 
 1072      B8C08138 
 1072      D2677A14 
 1072      78FB3494 
 1073 016d C78D32D1 		.ascii	"\307\2152\321\247y\240N\013e&\357\304\001\334*d\340"
 1073      A779A04E 
 1073      0B6526EF 
 1073      C401DC2A 
 1073      64E0
 1074 017f 161000E8 		.ascii	"\026\020\000\350\314\211Z\005\036.\036O\224\005\032"
 1074      CC895A05 
 1074      1E2E1E4F 
 1074      94051A
 1075 018e BCE04A8A 		.ascii	"\274\340J\2125\024\023+\026Yk\300,\014\005\206\201!"
 1075      3514132B 
 1075      16596BC0 
 1075      2C0C0586 
 1075      8121
 1076 01a0 2ED49471 		.ascii	".\324\224q\207\027\355$\003"
 1076      8717ED24 
 1076      03
 1077              		.text
 1078              		.section	.gnu.lto_nvicClearPending.293.63e647ec,"e",%progbits
ARM GAS  C:\Users\denes\AppData\Local\Temp\ccpfszkx.s 			page 29


 1079 0000 28B52FFD 		.ascii	"(\265/\375`\310\000\255\014\000\006Y\\D\020\221\223"
 1079      60C800AD 
 1079      0C000659 
 1079      5C441091 
 1079      93
 1080 0011 0ED41F17 		.ascii	"\016\324\037\027\306\370B\002\024\002\210\251\315\376"
 1080      C6F84202 
 1080      140288A9 
 1080      CDFE
 1081 001f 32E127ED 		.ascii	"2\341'\355\357\316\250\300!\217i\0265Q\260\207\021<"
 1081      EFCEA8C0 
 1081      218F6916 
 1081      3551B087 
 1081      113C
 1082 0031 822C12F5 		.ascii	"\202,\022\365\363\327\010\373\225`\314\245\243\304J"
 1082      F3D708FB 
 1082      9560CCA5 
 1082      A3C44A
 1083 0040 8275FAD5 		.ascii	"\202u\372\325z}\245L`>kb\333\310&R\246\024E\000D\000"
 1083      7A7DA54C 
 1083      603E6B62 
 1083      DBC82652 
 1083      A6144500 
 1084 0056 4700F663 		.ascii	"G\000\366c\356\342t\231\021.\260\273\343\204\214]\226"
 1084      EEE27499 
 1084      112EB0BB 
 1084      E3848C5D 
 1084      96
 1085 0067 0377E81C 		.ascii	"\003w\350\034*\370\001\354\360\272\001\354\320';\307"
 1085      2AF801EC 
 1085      F0BA01EC 
 1085      D0273BC7 
 1086 0077 59ABC510 		.ascii	"Y\253\305\020\303\202D\315\356F\205\371\351y\362\377"
 1086      C38244CD 
 1086      EE4685F9 
 1086      E979F2FF 
 1087 0087 E204522C 		.ascii	"\342\004R,(ON\205\335u\246XZn\275\355\005\266I\354{"
 1087      284F4E85 
 1087      DD75A658 
 1087      5A6EBDED 
 1087      05B649EC 
 1088 009c 02FAF154 		.ascii	"\002\372\361T\216\313\012\217\004g\200A\275\002PA\241"
 1088      8ECB0A8F 
 1088      04678041 
 1088      BD025041 
 1088      A1
 1089 00ad F8F4B396 		.ascii	"\370\364\263\226\350Qc\363\306,\224\324\025\376\265"
 1089      E85163F3 
 1089      C62C94D4 
 1089      15FEB5
 1090 00bc BB6B7DB1 		.ascii	"\273k}\261/\363\303L_\231VMg\246\337\311\0243o\301\261"
 1090      2FF3C34C 
 1090      5F99564D 
 1090      67A6DFC9 
 1090      14336FC1 
 1091 00d1 ABE2A666 		.ascii	"\253\342\246fi\340\214\026\266\037\300\306nxx\006\266"
 1091      69E08C16 
ARM GAS  C:\Users\denes\AppData\Local\Temp\ccpfszkx.s 			page 30


 1091      B61FC0C6 
 1091      6E787806 
 1091      B6
 1092 00e2 59FB6BF5 		.ascii	"Y\373k\365\3057\241\242IQ\224/\265}\362\030\034\202"
 1092      C537A1A2 
 1092      4951942F 
 1092      B57DF218 
 1092      1C82
 1093 00f4 D5AE4A82 		.ascii	"\325\256J\202\015\3423^gW\005\001\306[!8+\230C\001\373"
 1093      0DE2335E 
 1093      67570501 
 1093      C65B2138 
 1093      2B984301 
 1094 0109 B5F6A69B 		.ascii	"\265\366\246\233\260Ch#\245\243\245\237S/\345\270\240"
 1094      B0436823 
 1094      A5A3A59F 
 1094      532FE5B8 
 1094      A0
 1095 011a 6C52F433 		.ascii	"lR\3643\274i`PU\241\312\212\315\003\036\215\"\204\036"
 1095      BC696050 
 1095      55A1CA8A 
 1095      CD031E8D 
 1095      22841E
 1096 012d 804C00F1 		.ascii	"\200L\000\361\014\330n\221GD\022\261\305\223\220O\210"
 1096      0CD86E91 
 1096      474412B1 
 1096      C593904F 
 1096      88
 1097 013e 060B71E3 		.ascii	"\006\013q\343J%N\024=\223\216+\211\037@#\321\343\342"
 1097      4A254E14 
 1097      3D938E2B 
 1097      891F4023 
 1097      D1E3E2
 1098 0151 860CA410 		.ascii	"\206\014\244\020i\344\023=\037\326:\220\251\324\221"
 1098      69E4133D 
 1098      1FD63A90 
 1098      A9D491
 1099 0160 46994807 		.ascii	"F\231H\007\342B\033H\224\225p&$\236v!\363\264M\023\311"
 1099      E2421B48 
 1099      94957026 
 1099      249E7621 
 1099      F3B44D13 
 1100 0175 BC4EF338 		.ascii	"\274N\3638d\024>\015\002\014\000b\313D\255\002\017\027"
 1100      64143E0D 
 1100      020C0062 
 1100      CB44AD02 
 1100      0F17
 1101 0187 8F270AFF 		.ascii	"\217'\012\377\0039i\342\305\014\344\3140\262elk5z\334"
 1101      033969E2 
 1101      C50CE4CC 
 1101      30B2656C 
 1101      6B357ADC 
 1102 019b E1453BC9 		.ascii	"\341E;\311"
 1103              		.text
 1104              		.section	.gnu.lto_.symbol_nodes.63e647ec,"e",%progbits
 1105 0000 28B52FFD 		.ascii	"(\265/\375 j\255\001\000\204\002f\000\000\000\000\002"
 1105      206AAD01 
ARM GAS  C:\Users\denes\AppData\Local\Temp\ccpfszkx.s 			page 31


 1105      00840266 
 1105      00000000 
 1105      02
 1106 0011 A2027F08 		.ascii	"\242\002\177\010\200\200\200\200\004\001\220\316\000"
 1106      80808080 
 1106      040190CE 
 1106      00
 1107 001e 007F0000 		.ascii	"\000\177\000\000\272\220\202\002\243\002\177\011\244"
 1107      BA908202 
 1107      A3027F09 
 1107      A4
 1108 002b 027F0AA5 		.ascii	"\002\177\012\245\002\177\013\000\004\000\200&\340#\340"
 1108      027F0B00 
 1108      04008026 
 1108      E023E0
 1109 003a C96CCD31 		.ascii	"\311l\3151"
 1110              		.text
 1111              		.section	.gnu.lto_.refs.63e647ec,"e",%progbits
 1112 0000 28B52FFD 		.ascii	"(\265/\375 \005)\000\000\001\000\000\000\000"
 1112      20052900 
 1112      00010000 
 1112      0000
 1113              		.text
 1114              		.section	.gnu.lto_.decls.63e647ec,"e",%progbits
 1115 0000 28B52FFD 		.ascii	"(\265/\375`\202\0175I\000Z}p\033AP\244N\007#.\266\356"
 1115      60820F35 
 1115      49005A7D 
 1115      701B4150 
 1115      A44E0723 
 1116 0017 CB7A75DB 		.ascii	"\313zu\333@[\015]\010\376M\232\316\224cD\010\360\210"
 1116      405B0D5D 
 1116      08FE4D9A 
 1116      CE946344 
 1116      08F088
 1117 002a 920C34EE 		.ascii	"\222\0144\356A\014\357e|\010 \312\317\301\366\204\253"
 1117      410CEF65 
 1117      7C0820CA 
 1117      CFC1F684 
 1117      AB
 1118 003b 0701AC51 		.ascii	"\007\001\254Q4#khq\274\007\002\1777\233\221\354\220"
 1118      34236B68 
 1118      71BC0702 
 1118      7F379B91 
 1118      EC90
 1119 004d 2DA51484 		.ascii	"-\245\024\204\001\230\001\242\001\375=n?u\\\377^^\177"
 1119      019801A2 
 1119      01FD3D6E 
 1119      3F755CFF 
 1119      5E5E7F
 1120 0060 CEB8C3BE 		.ascii	"\316\270\303\276\303\334\177\015x\001W94\334v \221\333"
 1120      C3DC7F0D 
 1120      78015739 
 1120      34DC7620 
 1120      91DB
 1121 0072 CE854246 		.ascii	"\316\205BF\267\347\266\200\213\253\362\260\3176\261"
 1121      B7E7B680 
 1121      8BABF2B0 
ARM GAS  C:\Users\denes\AppData\Local\Temp\ccpfszkx.s 			page 32


 1121      CF36B1
 1122 0081 9266F0C6 		.ascii	"\222f\360\306\341\"8\347\226\373M\363\001\3303\207W"
 1122      E12238E7 
 1122      96FB4DF3 
 1122      01D83387 
 1122      57
 1123 0092 C66DC721 		.ascii	"\306m\307!r\313q7\034dV\267D-\256?}\273a\3564\255\246"
 1123      72CB7137 
 1123      1C6456B7 
 1123      442DAE3F 
 1123      7DBB61EE 
 1124 00a9 EDAC3FF3 		.ascii	"\355\254?\363\374\326\3346\033\"w\233#1\253\333\025"
 1124      FCD6DC36 
 1124      1B22779B 
 1124      2331ABDB 
 1124      15
 1125 00ba B715505C 		.ascii	"\267\025P\\\001|\275\244\332g/\251yE=\342\354\014\341"
 1125      017CBDA4 
 1125      DA672FA9 
 1125      79453DE2 
 1125      EC0CE1
 1126 00cd 43228A22 		.ascii	"C\"\212\"\307\271\306-7\230\016\323xm\351d\301#\310"
 1126      C7B9C62D 
 1126      37980ED3 
 1126      786DE964 
 1126      C123C8
 1127 00e0 6DDF7599 		.ascii	"m\337u\231\2463\320f8\302\004V\311\306^p\330\344op\317"
 1127      A633D066 
 1127      38C20456 
 1127      C9C65E70 
 1127      D8E46F70 
 1128 00f5 2D93B85C 		.ascii	"-\223\270\\\330\006\324\036C\344&\363V\366\306\316m"
 1128      D806D41E 
 1128      43E426F3 
 1128      56F6C6CE 
 1128      6D
 1129 0106 E7117191 		.ascii	"\347\021q\221Z\375\366\302\334Yz\256\355\254\364\177"
 1129      5AFDF6C2 
 1129      DC597AAE 
 1129      EDACF47F 
 1130 0116 F9FF0588 		.ascii	"\371\377\005\210\256D\341(q\333\\z\332tP]\307\003l<"
 1130      AE44E128 
 1130      71DB5C7A 
 1130      DA74505D 
 1130      C7036C3C 
 1131 012a 52804161 		.ascii	"R\200Aa\316\330q\313\307k4\305\335\205\017\214\375\004"
 1131      CED871CB 
 1131      C76B34C5 
 1131      DD850F8C 
 1131      FD04
 1132 013c 36BADC50 		.ascii	"6\272\334P*RC\251\255\205\310\275ei\200\215\177$\001"
 1132      2A5243A9 
 1132      AD85C8BD 
 1132      6569808D 
 1132      7F2401
 1133 014f 3AA6E4F9 		.ascii	":\246\344\371s;D\346\267\331\276\231T\002f\275\244\022"
 1133      733B44E6 
ARM GAS  C:\Users\denes\AppData\Local\Temp\ccpfszkx.s 			page 33


 1133      B7D9BE99 
 1133      540266BD 
 1133      A412
 1134 0161 09F692EA 		.ascii	"\011\366\222\352\364m\205\271\253\264\234\201\242\245"
 1134      F46D85B9 
 1134      ABB49C81 
 1134      A2A5
 1135 016f F409FFA5 		.ascii	"\364\011\377\245J\000\334\254\000\266\271}j&\325\366"
 1135      4A00DCAC 
 1135      00B6B97D 
 1135      6A26D5F6 
 1136 017f 927A4770 		.ascii	"\222zGp\021\263\263i*\346\306\300\227\331\3150\0371"
 1136      11B3B369 
 1136      2AE6C6C0 
 1136      97D9CD30 
 1136      1F31
 1137 0191 3B1E73DB 		.ascii	";\036s\333\313\314}\314|\206\231\013\2319/\213\231\023"
 1137      CBCC7DCC 
 1137      7C86990B 
 1137      99392F8B 
 1137      9913
 1138 01a3 30B39300 		.ascii	"0\263\223\000f\007\303\334^\314\275\202\271\273\230"
 1138      6607C3DC 
 1138      5ECCBD82 
 1138      B9BB98
 1139 01b2 3BC9CC73 		.ascii	";\311\314s\230[\004s\007`\346:\346\316b\356#\346\226"
 1139      985B0473 
 1139      0760E63A 
 1139      E6CE62EE 
 1139      23E696
 1140 01c5 63662366 		.ascii	"cf#f\326c\346\241\302\302\302B\3466bv\004\314GS\001"
 1140      D663E6A1 
 1140      C2C2C242 
 1140      E6366276 
 1140      04CC4753 
 1141 01da DC72751E 		.ascii	"\334ru\036\245\220\303y\235Sq+\203\206\334\230Q\360"
 1141      A590C379 
 1141      9D53712B 
 1141      8386DC98 
 1141      51F0
 1142 01ec 1A581EAE 		.ascii	"\032X\036\256\367\362\225\011\272\354~.\273\236\313"
 1142      F7F29509 
 1142      BAEC7E2E 
 1142      BB9ECB
 1143 01fb 1E78D9FD 		.ascii	"\036x\331\375.\273\234\233\327o{e\326\334\262\3131\273"
 1143      2EBB9C9B 
 1143      D76F7B65 
 1143      D6DCB2CB 
 1143      31BB
 1144 020d 149FD278 		.ascii	"\024\237\322x\335#o\213\036\267\036Gd\257\322N~Ds\270"
 1144      DD236F8B 
 1144      1EB71E47 
 1144      64AFD24E 
 1144      7E4473B8 
 1145 0221 0DF0E632 		.ascii	"\015\360\3462_3\251F\275\2446\251\271\354g.;\231\013"
 1145      5F33A946 
 1145      BDA436A9 
ARM GAS  C:\Users\denes\AppData\Local\Temp\ccpfszkx.s 			page 34


 1145      B9EC672E 
 1145      3B990B
 1146 0234 F5E5B24F 		.ascii	"\365\345\262O/\204\271\313.w-\364\222\352hM\252\350"
 1146      2F84B9CB 
 1146      2E772DF4 
 1146      92EA684D 
 1146      AAE8
 1147 0246 45DDB223 		.ascii	"E\335\262#a\36667\302g\304\211\026\267\021\210\354n"
 1147      61F63637 
 1147      C267C489 
 1147      16B71188 
 1147      EC6E
 1148 0258 436C506E 		.ascii	"ClPn\334\230rY\332L\352\225\276]v'\227\355zIu\264uH"
 1148      DC987259 
 1148      DA4CEA95 
 1148      BE5D7627 
 1148      97ED7A49 
 1149 0270 609A5BF6 		.ascii	"`\232[\366!\314\016\304\235*[\215!U\334\372\032\221"
 1149      21CC0EC4 
 1149      9D2A5B8D 
 1149      2155DCFA 
 1149      1A91
 1150 0282 5D88D18D 		.ascii	"]\210\321\215\267>\037n\207\236\344v\322]/\251\216\246"
 1150      B73E1F6E 
 1150      879EE476 
 1150      D25D2FA9 
 1150      8EA6
 1151 0294 DE117417 		.ascii	"\336\021t\027HJ8\275\222C\332v\331}0\373\231\363\030"
 1151      484A38BD 
 1151      9243DA76 
 1151      D97D30FB 
 1151      99F318
 1152 02a7 22247287 		.ascii	"\"$r\207\347\266\253\020\331{\014\305\024\346\261\341"
 1152      E7B6AB10 
 1152      D97B0CC5 
 1152      14E6B1E1 
 1153 02b7 B69FDD74 		.ascii	"\266\237\335t\035PM\310\315:\3469\312\270\262 \251\343"
 1153      1D504DC8 
 1153      CD3AE639 
 1153      CAB8B220 
 1153      A9E3
 1154 02c9 D6713415 		.ascii	"\326q4\025Q\001\304\223\304-\273\363\012\352\361\203"
 1154      5101C493 
 1154      C42DBBF3 
 1154      0AEAF183 
 1155 02d9 270FE11E 		.ascii	"'\017\341\036\234AW\234\331\203\272oG\232\217\350?\034"
 1155      9C41579C 
 1155      D983BA6F 
 1155      479A8FE8 
 1155      3F1C
 1156 02eb 66F61ABE 		.ascii	"f\366\032\276\364oB\336\3641\267\3417\234\254\013\371"
 1156      F46F42DE 
 1156      F431B7E1 
 1156      379CAC0B 
 1156      F9
 1157 02fc DA854EA3 		.ascii	"\332\205N\243\351\234\311\334\201Z\020\027\375\377\222"
 1157      E99CC9DC 
ARM GAS  C:\Users\denes\AppData\Local\Temp\ccpfszkx.s 			page 35


 1157      815A1017 
 1157      FDFF92
 1158 030b 08A80D16 		.ascii	"\010\250\015\026g\266\264\275\350\361\330\303g\320\257"
 1158      67B6B4BD 
 1158      E8F1D8C3 
 1158      67D0AF
 1159 031a 4E203FCE 		.ascii	"N ?\316\354?MG\360\2133[L\243\261e\353\323\277\236Y"
 1159      EC3F4D47 
 1159      F08B335B 
 1159      4CA3B165 
 1159      EBD3BF9E 
 1160 032f F49FED0D 		.ascii	"\364\237\355\015\341\336\2403\273O\337\261e\313\247"
 1160      E1DEA033 
 1160      BB4FDFB1 
 1160      65CBA7
 1161 033e 7F347BA2 		.ascii	"\1774{\242\377\317R\314\255\347\314^\323n\222\242<\376"
 1161      FFCF52CC 
 1161      ADE7CC5E 
 1161      D36E92A2 
 1161      3CFE
 1162 0350 97348C94 		.ascii	"\2274\214\224\250\233K\243\322\264@e\213c\303\342d\271"
 1162      A89B4BA3 
 1162      D2B44065 
 1162      8B63C3E2 
 1162      64B9
 1163 0362 A3B7F99E 		.ascii	"\243\267\371\236\315\244:-\227\\n\266\313\275v\003\377"
 1163      CDA43A2D 
 1163      975C6EB6 
 1163      CBBD7603 
 1163      FF
 1164 0373 4E44738E 		.ascii	"NDs\216\264\345\271Mj&\325{Iu8ED\002\005\346\271e>m"
 1164      B4E5B94D 
 1164      6A26D57B 
 1164      49753845 
 1164      440205E6 
 1165 038b 376402E6 		.ascii	"7d\002\346\013\020$7\211\3007g0c\342f\276\223\022\035"
 1165      0B102437 
 1165      89C03767 
 1165      3063E266 
 1165      BE93121D 
 1166 039f BC6361DC 		.ascii	"\274ca\334\370\270}\372\367\277\377I\004\306\326\014"
 1166      F8B87DFA 
 1166      F7BFFF49 
 1166      04C6D60C 
 1167 03af D0B3A49F 		.ascii	"\320\263\244\237B\317\224\232S\350\272.\241\253\222"
 1167      42CF949A 
 1167      53E8BA2E 
 1167      A1AB92
 1168 03be D943D75F 		.ascii	"\331C\327_>\315\246\317\225j\354\225~\372\3774\370\316"
 1168      3ECDA6CF 
 1168      956AEC95 
 1168      7EFAFF34 
 1168      F8CE
 1169 03d0 3240C79A 		.ascii	"2@\307\232\017}%\263%t\035\360R\350Ys\372<Sj.\241g\315"
 1169      0F7D25B3 
 1169      25741DF0 
 1169      52E85973 
ARM GAS  C:\Users\denes\AppData\Local\Temp\ccpfszkx.s 			page 36


 1169      FA3C536A 
 1170 03e8 25D4ACFF 		.ascii	"%\324\254\377\237\353\333=\277\233KhZs\371\\\225~\012"
 1170      9FEBDB3D 
 1170      BF9B4B68 
 1170      5A73F95C 
 1170      957E0A
 1171 03fb 5D9BD237 		.ascii	"]\233\3227Kj\322\310[\233\3155g\213\237\216\225\255"
 1171      4B6AD2C8 
 1171      5B9BCD35 
 1171      678B9F8E 
 1171      95AD
 1172 040d CDA55AD3 		.ascii	"\315\245Z\3233\245\377\314\247Z?\363\311\236\314\376"
 1172      33A5FFCC 
 1172      A75A3FF3 
 1172      C99ECCFE 
 1173 041d C6D2FE6F 		.ascii	"\306\322\376o\025<\252\261\322Y\315\376\337\304\377"
 1173      153CAAB1 
 1173      D259CDFE 
 1173      DFC4FF
 1174 042c 338B3CFB 		.ascii	"3\213<\373\356\227\277J\243K\347\323?\034\331?\334\037"
 1174      EE97BF4A 
 1174      A34BE7D3 
 1174      3F1CD93F 
 1174      DC1F
 1175 043e F5B38CF9 		.ascii	"\365\263\214\371\377\277\366Me\377\353\377;\325U\372"
 1175      FFBFF64D 
 1175      65FFEBFF 
 1175      3BD555FA 
 1176 044e FF63DDCF 		.ascii	"\377c\335\317o\262m){\247\323D\324\371qd\320\246\377"
 1176      6FB26D29 
 1176      7BA7D344 
 1176      D4F97164 
 1176      D0A6FF
 1177 0461 5F9B53A8 		.ascii	"_\233S\250s\230\243\014\356\371q\257\326\353\364\231"
 1177      7398A30C 
 1177      EEF971AF 
 1177      D6EBF499 
 1178 0471 9F6309FD 		.ascii	"\237c\011\375;]\245\337\374\377\346\023\300/\214\036"
 1178      3B5DA5DF 
 1178      FCFFE613 
 1178      C02F8C1E 
 1179 0481 9B9B3614 		.ascii	"\233\2336\024x\370\215\271u67\213\0258q\334\362\260"
 1179      78F88DB9 
 1179      7536378B 
 1179      153871DC 
 1179      F2B0
 1180 0493 C665A937 		.ascii	"\306e\2517\263+\201\212\324\371\021O\262&\365\304G["
 1180      B32B818A 
 1180      D4F9114F 
 1180      B226F5C4 
 1180      475B
 1181 04a5 163F40B0 		.ascii	"\026?@\260\244\021*a\342T{B\235C\324\352<\210\023y{"
 1181      A4112A61 
 1181      E2547B42 
 1181      9D43D4EA 
 1181      3C881379 
 1182 04ba B239A31E 		.ascii	"\2629\243\036\205\342\344\241\305\321\004\243\377}D"
ARM GAS  C:\Users\denes\AppData\Local\Temp\ccpfszkx.s 			page 37


 1182      85E2E4A1 
 1182      C5D104A3 
 1182      FF7D44
 1183 04c9 69DA9EB6 		.ascii	"i\332\236\266\271A\377\341ip\321\177#\256d\211\323i"
 1183      B941FFE1 
 1183      6970D17F 
 1183      23AE6489 
 1183      D369
 1184 04db 56D784EE 		.ascii	"V\327\204\356c\315\224\2507q\342D\3331u\306\331\371"
 1184      63CD94A8 
 1184      3771E244 
 1184      DB3175C6 
 1184      D9F9
 1185 04ed 170FE366 		.ascii	"\027\017\343f\274\214\343y\032\007\343g\334\213\353"
 1185      BC8CE379 
 1185      1A07E367 
 1185      DC8BEB
 1186 04fc F99DAF71 		.ascii	"\371\235\257q:\357\342j<\317\321\270\030\037\343d\232"
 1186      3AEFE26A 
 1186      3CCFD1B8 
 1186      181FE364 
 1186      9A
 1187 050d CEEB987D 		.ascii	"\316\353\230}\213s\011)\276\272\270\276\222XJ\255$\213"
 1187      8B730929 
 1187      BEBAB8BE 
 1187      92584AAD 
 1187      248B
 1188 051f A20CB12E 		.ascii	"\242\014\261.%X\227\022K\231d\301\365\245\305\301+)"
 1188      25589712 
 1188      4B9964C1 
 1188      F5A5C5C1 
 1188      2B29
 1189 0531 16260329 		.ascii	"\026&\003)\226D:\205uQ)q\003%\230\330V2D\222\305\011"
 1189      96443A85 
 1189      75512971 
 1189      032598D8 
 1189      56324492 
 1190 0547 ADAF2A29 		.ascii	"\255\257*)/\0071\222bJ\260-\000\354\345\240\302\013"
 1190      2F073192 
 1190      624AB02D 
 1190      00ECE5A0 
 1190      C20B
 1191 0559 2FA5D665 		.ascii	"/\245\326e\012\304\241\206\"\362\036\213SX\305!*#\010"
 1191      0AC4A186 
 1191      22F21E8B 
 1191      5358C521 
 1191      2A2308
 1192 056c ACE2D011 		.ascii	"\254\342\320\021Y4\332\243\207\017!\354\261x4N\015\035"
 1192      5934DAA3 
 1192      870F21EC 
 1192      B178344E 
 1192      0D1D
 1193 057e 8BC8E1B1 		.ascii	"\213\310\341\261X\034bq@\016\217\310\"\007\344\320\021"
 1193      581C6271 
 1193      400E8FC8 
 1193      2207E4D0 
 1193      11
ARM GAS  C:\Users\denes\AppData\Local\Temp\ccpfszkx.s 			page 38


 1194 058f 6955E440 		.ascii	"iU\344@e\217SVWWC\307)+\015\366\210\264\232\262G+\254"
 1194      658F5356 
 1194      575743C7 
 1194      292B0DF6 
 1194      88B49AB2 
 1195 05a6 E1D18A6A 		.ascii	"\341\321\212jx\244\232\032\036\255\256\256\354q\012"
 1195      78A49A1A 
 1195      1EADAEAE 
 1195      EC710A
 1196 05b5 69B4C916 		.ascii	"i\264\311\0262>\224(\032Ct(b\025\017\244\274\266J$\225"
 1196      323E9428 
 1196      1A437428 
 1196      62150FA4 
 1196      BCB64A24 
 1197 05ca 605B5149 		.ascii	"`[QI.\027,\266\276\214QI%X1\012iD^\025\243\304b$1pR"
 1197      2E172CB6 
 1197      BE8C5149 
 1197      2558310A 
 1197      69445E15 
 1198 05e5 A905C34B 		.ascii	"\251\005\303K\331\205\"\213K\251\005v\342Kk+\253\005"
 1198      D985228B 
 1198      4BA90576 
 1198      E24B6B2B 
 1198      AB05
 1199 05f7 98D88AB0 		.ascii	"\230\330\212\260$UVX\362+\311\225\025\246L\206\201\310"
 1199      24555658 
 1199      F22BC995 
 1199      15A64C86 
 1199      81C8
 1200 0609 C2505470 		.ascii	"\302PTp4~@\332c\025\322h!T\025\215\226x\274G,\244\321"
 1200      347E40DA 
 1200      6315D268 
 1200      2154158D 
 1200      9678BC47 
 1201 0620 46C02A1A 		.ascii	"F\300*\032\255\324Q\303\224\321J\020+a\201\010\313\350"
 1201      ADD451C3 
 1201      94D14A10 
 1201      2B618108 
 1201      CBE8
 1202 0632 62252248 		.ascii	"b%\"H\211}u\271\270\214\002E\205\023\021\244.H=H\342"
 1202      897D75B9 
 1202      B88C0245 
 1202      851311A4 
 1202      2E483D48 
 1203 0647 0AC4E213 		.ascii	"\012\304\342\023\210\016\033\356\326\203\255\256\027"
 1203      880E1BEE 
 1203      D683ADAE 
 1203      17
 1204 0654 5F5131AE 		.ascii	"_Q1\256\212W\307\251\250/0//\260\255\25001%X\213(\026"
 1204      8A57C7A9 
 1204      A82F302F 
 1204      2FB0ADA8 
 1204      30312558 
 1205 066b 5A2AA2C2 		.ascii	"Z*\242\302\300\242\220\036\272Nt\251(F=`0\201\252*\304"
 1205      C0A2901E 
 1205      BA4E74A9 
 1205      28463D60 
ARM GAS  C:\Users\denes\AppData\Local\Temp\ccpfszkx.s 			page 39


 1205      3081AA2A 
 1206 0680 B10A5975 		.ascii	"\261\012Yu,b\265\315\235;\016XC\216\310\011\336 !\267"
 1206      2C62B5CD 
 1206      9D3B0E58 
 1206      438EC809 
 1206      DE2021B7 
 1207 0694 6C7F5C55 		.ascii	"l\177\\U00\320\373\006\243\002\240O\342\260\021^\242"
 1207      3030D0FB 
 1207      06A302A0 
 1207      4FE2B011 
 1207      5EA2
 1208 06a6 277E7E0E 		.ascii	"'~~\016x\237~\007\023.\252\376\230\262\354\373c\007"
 1208      789F7E07 
 1208      132EAAFE 
 1208      98B2ECFB 
 1208      6307
 1209 06b8 04807627 		.ascii	"\004\200v'\220\035\235K\304e\312\367\374\015;\037\235"
 1209      901D9D4B 
 1209      C465CAF7 
 1209      FC0D3B1F 
 1209      9D
 1210 06c9 F3799FDF 		.ascii	"\363y\237\337=\022\220=T\346\020\276\232\032\324\020"
 1210      3D12903D 
 1210      54E610BE 
 1210      9A1AD410 
 1211 06d9 A1318085 		.ascii	"\2411\200\205q\330\373\230]\216\317a;P\377\203\037\201"
 1211      71D8FB98 
 1211      5D8ECF61 
 1211      3B50FF83 
 1211      1F81
 1212 06eb 28A8913C 		.ascii	"(\250\221<\247\220BB\"#\243 I\222ta\005\304 (%3\017"
 1212      A7904242 
 1212      2223A320 
 1212      49927461 
 1212      05C42028 
 1213 0702 12C0F428 		.ascii	"\022\300\364(L\262\321\010\215\224\202\024\352\261l"
 1213      4CB2D108 
 1213      8D948214 
 1213      EAB16C
 1214 0711 075C07D7 		.ascii	"\007\\\007\327r\022^\301\271\015\353c\273\005Q5}\262"
 1214      72125EC1 
 1214      B90DEB63 
 1214      BB055135 
 1214      7DB2
 1215 0723 372C2470 		.ascii	"7,$p4\240\240\307\231\007,\263~\350\233\213\311\367"
 1215      34A0A0C7 
 1215      99072CB3 
 1215      7EE89B8B 
 1215      C9F7
 1216 0735 CF2C60CE 		.ascii	"\317,`\3166\375\335i\2307S\361\355lj\024\025\265;\032"
 1216      36FDDD69 
 1216      983753F1 
 1216      ED6C6A14 
 1216      15B53B1A 
 1217 0749 FEB6F328 		.ascii	"\376\266\363( \207n\034\017 +\342\335\330\034\2605\007"
 1217      20876E1C 
 1217      0F202BE2 
ARM GAS  C:\Users\denes\AppData\Local\Temp\ccpfszkx.s 			page 40


 1217      DDD81CB0 
 1217      3507
 1218 075b 50A9B651 		.ascii	"P\251\266QT\346\300\304:\264\216\270t\024\364)\013%"
 1218      54E6C0C4 
 1218      3AB48EB8 
 1218      7414F429 
 1218      0B25
 1219 076d 94AEDB91 		.ascii	"\224\256\333\221\266\232\222\344\356\322D\321\031l/"
 1219      B69A92E4 
 1219      EED244D1 
 1219      196C2F
 1220 077c B37F12BF 		.ascii	"\263\177\022\277:\333|\276\305\250 \305\016\037\245"
 1220      3ADB7CBE 
 1220      C5A820C5 
 1220      0E1FA5
 1221 078b 6F5F8440 		.ascii	"o_\204@!M\363h\226\220\330\317\214\226q99\003\344\344"
 1221      214DF368 
 1221      9690D8CF 
 1221      8C967139 
 1221      3903E4E4 
 1222 079f A3F615A3 		.ascii	"\243\366\025\243\242\355\034\253m\032\332m\263e\257"
 1222      A2ED1CAB 
 1222      6D1ADA6D 
 1222      B365AF
 1223 07ae 2D59D075 		.ascii	"-Y\320uM82\320\216g\230\341\217\221\345\313\306\251"
 1223      4D3832D0 
 1223      8E6798E1 
 1223      8F91E5CB 
 1223      C6A9
 1224 07c0 D7463FD6 		.ascii	"\327F?\326\315[N\302\254\017Ea\2700h\034"
 1224      CD5B4EC2 
 1224      AC0F4561 
 1224      B830681C 
 1225 07d0 36257A4F 		.ascii	"6%zO\302W(\240\020\200(\310G}YEVCy\006\351\202\036}"
 1225      C25728A0 
 1225      108028C8 
 1225      477D5945 
 1225      56437906 
 1226 07e8 258043DC 		.ascii	"%\200C\334t\232'8\256\375P\\\001`P\235\330\001\352\206"
 1226      749A2738 
 1226      AEFD505C 
 1226      0160509D 
 1226      D801EA86 
 1227 07fc 26604079 		.ascii	"&`@y\0025@Gp\207\262\360\330\214\036u\202Z\346\213:"
 1227      02354047 
 1227      7087B2F0 
 1227      D88C1E75 
 1227      825AE68B 
 1228 0811 F24067BE 		.ascii	"\362@g\276\033\315\356Ch3^\373\213\316\256[\202B\310"
 1228      1BCDEE43 
 1228      68335EFB 
 1228      8BCEAE5B 
 1228      8242C8
 1229 0824 24ECE3DD 		.ascii	"$\354\343\335\204\374\324\366\361F\213\027\212\337\026"
 1229      84FCD4F6 
 1229      F1468B17 
 1229      8ADF16
ARM GAS  C:\Users\denes\AppData\Local\Temp\ccpfszkx.s 			page 41


 1230 0833 88F53277 		.ascii	"\210\3652w\357\244Kx\371%\363\000\320\357q\020]1\374"
 1230      EFA44B78 
 1230      F925F300 
 1230      D0EF7110 
 1230      5D31FC
 1231 0846 02B17602 		.ascii	"\002\261v\002\2258(n\224\264\036\337\350,B\017\021}"
 1231      9538286E 
 1231      94B41EDF 
 1231      E82C420F 
 1231      117D
 1232 0858 33EC1C4F 		.ascii	"3\354\034O \212)\315\361\343\350gs\333=z(\031\0344\344"
 1232      208A29CD 
 1232      F1E3E867 
 1232      73DB3D7A 
 1232      28191C34 
 1233 086d C6E42568 		.ascii	"\306\344%h|\027\012U\006\262\265\272L\026\204>\222k"
 1233      7C170A55 
 1233      06B2B5BA 
 1233      4C16843E 
 1233      926B
 1234 087f AB3F68AB 		.ascii	"\253?h\253\2357\236\356T\266\362\263\343\232\354(vH"
 1234      9D379EEE 
 1234      54B6F2B3 
 1234      E39AEC28 
 1234      7648
 1235 0891 BFC30DA9 		.ascii	"\277\303\015\251\030\003\323 \224\006\240A\247\302\017"
 1235      1803D320 
 1235      9406A041 
 1235      A7C20F
 1236 08a0 A67DC053 		.ascii	"\246}\300S\2071\036\324@\323\327\010\354\313\032%#\214"
 1236      87311ED4 
 1236      40D3D708 
 1236      ECCB1A25 
 1236      238C
 1237 08b2 1709E5BA 		.ascii	"\027\011\345\272i\311\024\011\2566'\347\011q\207\320"
 1237      69C91409 
 1237      AE3627E7 
 1237      097187D0 
 1238 08c2 7F15487B 		.ascii	"\177\025H{9\205wd\300\301\325\001$\015#\307\241K\036"
 1238      39857764 
 1238      C0C1D501 
 1238      240D23C7 
 1238      A14B1E
 1239 08d5 F5AE5898 		.ascii	"\365\256X\230ba\276\250\351\017\215\323\364\243\017"
 1239      6261BEA8 
 1239      E90F8DD3 
 1239      F4A30F
 1240 08e4 6C76A858 		.ascii	"lv\250X4\372/\354\346\016\372E<k\350\220g{\343\327\033"
 1240      34FA2FEC 
 1240      E60EFA45 
 1240      3C6BE890 
 1240      677BE3D7 
 1241 08f9 5E39F76B 		.ascii	"^9\367k\262\266\206\254\023\215\341\374:\336)\262Y\203"
 1241      B2B686AC 
 1241      138DE1FC 
 1241      3ADE29B2 
 1241      5983
ARM GAS  C:\Users\denes\AppData\Local\Temp\ccpfszkx.s 			page 42


 1242 090b EFDD57CD 		.ascii	"\357\335W\315\255\207\177\012\217\302\255\021,\313\241"
 1242      AD877F0A 
 1242      8FC2AD11 
 1242      2CCBA1
 1243 091a A9E93F34 		.ascii	"\251\351?4\024\201\253(?E\177#,Uo\327\302z\324f\352"
 1243      1481AB28 
 1243      3F457F23 
 1243      2C556FD7 
 1243      C27AD466 
 1244 092f D2       		.ascii	"\322"
 1245              		.text
 1246              		.section	.gnu.lto_.symtab.63e647ec,"e",%progbits
 1247 0000 6E766963 		.ascii	"nvicEnableVector\000"
 1247      456E6162 
 1247      6C655665 
 1247      63746F72 
 1247      00
 1248 0011 00       		.ascii	"\000"
 1249 0012 00       		.ascii	"\000"
 1250 0013 00       		.ascii	"\000"
 1251 0014 00000000 		.ascii	"\000\000\000\000\000\000\000\000"
 1251      00000000 
 1252 001c 65010000 		.ascii	"e\001\000\000"
 1253 0020 6E766963 		.ascii	"nvicDisableVector\000"
 1253      44697361 
 1253      626C6556 
 1253      6563746F 
 1253      7200
 1254 0032 00       		.ascii	"\000"
 1255 0033 00       		.ascii	"\000"
 1256 0034 00       		.ascii	"\000"
 1257 0035 00000000 		.ascii	"\000\000\000\000\000\000\000\000"
 1257      00000000 
 1258 003d 69010000 		.ascii	"i\001\000\000"
 1259 0041 6E766963 		.ascii	"nvicSetSystemHandlerPriority\000"
 1259      53657453 
 1259      79737465 
 1259      6D48616E 
 1259      646C6572 
 1260 005e 00       		.ascii	"\000"
 1261 005f 00       		.ascii	"\000"
 1262 0060 00       		.ascii	"\000"
 1263 0061 00000000 		.ascii	"\000\000\000\000\000\000\000\000"
 1263      00000000 
 1264 0069 6B010000 		.ascii	"k\001\000\000"
 1265 006d 6E766963 		.ascii	"nvicClearPending\000"
 1265      436C6561 
 1265      7250656E 
 1265      64696E67 
 1265      00
 1266 007e 00       		.ascii	"\000"
 1267 007f 00       		.ascii	"\000"
 1268 0080 00       		.ascii	"\000"
 1269 0081 00000000 		.ascii	"\000\000\000\000\000\000\000\000"
 1269      00000000 
 1270 0089 6D010000 		.ascii	"m\001\000\000"
 1271              		.text
ARM GAS  C:\Users\denes\AppData\Local\Temp\ccpfszkx.s 			page 43


 1272              		.section	.gnu.lto_.ext_symtab.63e647ec,"e",%progbits
 1273 0000 01       		.ascii	"\001"
 1274 0001 01       		.ascii	"\001"
 1275 0002 00       		.ascii	"\000"
 1276 0003 01       		.ascii	"\001"
 1277 0004 00       		.ascii	"\000"
 1278 0005 01       		.ascii	"\001"
 1279 0006 00       		.ascii	"\000"
 1280 0007 01       		.ascii	"\001"
 1281 0008 00       		.ascii	"\000"
 1282              		.text
 1283              		.section	.gnu.lto_.opts,"e",%progbits
 1284 0000 272D666E 		.ascii	"'-fno-openmp' '-fno-openacc' '-fno-pie' '-fcf-prote"
 1284      6F2D6F70 
 1284      656E6D70 
 1284      2720272D 
 1284      666E6F2D 
 1285 0033 6374696F 		.ascii	"ction=none' '-g' '-mcpu=cortex-m3' '-mthumb' '-mflo"
 1285      6E3D6E6F 
 1285      6E652720 
 1285      272D6727 
 1285      20272D6D 
 1286 0066 61742D61 		.ascii	"at-abi=soft' '-mlibarch=armv7-m' '-march=armv7-m' '"
 1286      62693D73 
 1286      6F667427 
 1286      20272D6D 
 1286      6C696261 
 1287 0099 2D4F3227 		.ascii	"-O2' '-fomit-frame-pointer' '-falign-functions=16' "
 1287      20272D66 
 1287      6F6D6974 
 1287      2D667261 
 1287      6D652D70 
 1288 00cc 272D6673 		.ascii	"'-fsingle-precision-constant' '-ffunction-sections'"
 1288      696E676C 
 1288      652D7072 
 1288      65636973 
 1288      696F6E2D 
 1289 00ff 20272D66 		.ascii	" '-fdata-sections' '-fno-common' '-flto=auto' '-Xas"
 1289      64617461 
 1289      2D736563 
 1289      74696F6E 
 1289      73272027 
 1290 0132 73656D62 		.ascii	"sembler' '-alms=./build/lst/nvic.lst'\000"
 1290      6C657227 
 1290      20272D61 
 1290      6C6D733D 
 1290      2E2F6275 
 1291              		.text
 1292              		.comm	__gnu_lto_slim,1,1
 1293              		.ident	"GCC: (GNU) 13.3.0"
ARM GAS  C:\Users\denes\AppData\Local\Temp\ccpfszkx.s 			page 44


DEFINED SYMBOLS
                            *ABS*:00000000 nvic.c
C:\Users\denes\AppData\Local\Temp\ccpfszkx.s:22     .gnu.debuglto_.debug_info:00000000 nvic.c.3932b7ff
                            *COM*:00000001 __gnu_lto_slim

NO UNDEFINED SYMBOLS
